Log file open, 05/01/18 20:23:55
LogWindows: Failed to load 'aqProf.dll' (GetLastError=126)
LogWindows: File 'aqProf.dll' does not exist
LogWindows: Failed to load 'VtuneApi.dll' (GetLastError=126)
LogWindows: File 'VtuneApi.dll' does not exist
LogWindows: Failed to load 'VtuneApi32e.dll' (GetLastError=126)
LogWindows: File 'VtuneApi32e.dll' does not exist
LogInit: Display: Running engine for game: Development
LogPlatformFile: Not using cached read wrapper
LogInit: Display: RandInit(59226218) SRandInit(59226218).
LogInit: Read version file with build ID '3944462'
LogInit: Overriding engine version to CL 3989454, compatible CL 3944462
LogInit: Registered custom module enumerator with build ID '3944462'
LogTaskGraph: Started task graph with 5 named threads and 35 total threads with 3 sets of task threads.
LogStats: Stats thread started at 0.495985
LogD3D11RHI: Aftermath initialized
LogICUInternationalization: Display: ICU TimeZone Detection - Raw Offset: +0:00, Platform Override: ''
LogPluginManager: Mounting plugin Paper2D
LogPluginManager: Mounting plugin LiveLink
LogPluginManager: Mounting plugin LightPropagationVolume
LogPluginManager: Mounting plugin CLionSourceCodeAccess
LogPluginManager: Mounting plugin CodeLiteSourceCodeAccess
LogPluginManager: Mounting plugin GitSourceControl
LogPluginManager: Mounting plugin KDevelopSourceCodeAccess
LogPluginManager: Mounting plugin NullSourceCodeAccess
LogPluginManager: Mounting plugin PerforceSourceControl
LogPluginManager: Mounting plugin SubversionSourceControl
LogPluginManager: Mounting plugin UObjectPlugin
LogPluginManager: Mounting plugin VisualStudioCodeSourceCodeAccess
LogPluginManager: Mounting plugin VisualStudioSourceCodeAccess
LogPluginManager: Mounting plugin XCodeSourceCodeAccess
LogPluginManager: Mounting plugin AssetManagerEditor
LogPluginManager: Mounting plugin CryptoKeys
LogPluginManager: Mounting plugin DataValidation
LogPluginManager: Mounting plugin FacialAnimation
LogPluginManager: Mounting plugin GameplayTagsEditor
LogPluginManager: Mounting plugin MobileLauncherProfileWizard
LogPluginManager: Mounting plugin PluginBrowser
LogPluginManager: Mounting plugin SpeedTreeImporter
LogPluginManager: Mounting plugin DatasmithContent
LogPluginManager: Mounting plugin AlembicImporter
LogPluginManager: Mounting plugin CharacterAI
LogPluginManager: Mounting plugin HTML5Networking
LogPluginManager: Mounting plugin AndroidMedia
LogPluginManager: Mounting plugin AvfMedia
LogPluginManager: Mounting plugin ImgMedia
LogPluginManager: Mounting plugin LinearTimecode
LogPluginManager: Mounting plugin MediaCompositing
LogPluginManager: Mounting plugin MediaPlayerEditor
LogPluginManager: Mounting plugin WmfMedia
LogPluginManager: Mounting plugin TcpMessaging
LogPluginManager: Mounting plugin UdpMessaging
LogPluginManager: Mounting plugin ActorSequence
LogPluginManager: Mounting plugin LevelSequenceEditor
LogPluginManager: Mounting plugin MatineeToLevelSequence
LogPluginManager: Mounting plugin NetcodeUnitTest
LogPluginManager: Mounting plugin NUTUnrealEngine4
LogPluginManager: Mounting plugin OnlineSubsystemGooglePlay
LogPluginManager: Mounting plugin OnlineSubsystemIOS
LogPluginManager: Mounting plugin OnlineSubsystem
LogPluginManager: Mounting plugin OnlineSubsystemNull
LogPluginManager: Mounting plugin OnlineSubsystemUtils
LogPluginManager: Mounting plugin AndroidDeviceProfileSelector
LogPluginManager: Mounting plugin AndroidMoviePlayer
LogPluginManager: Mounting plugin AndroidPermission
LogPluginManager: Mounting plugin AppleARKit
LogPluginManager: Mounting plugin AppleMoviePlayer
LogPluginManager: Mounting plugin ArchVisCharacter
LogPluginManager: Mounting plugin AudioCapture
LogPluginManager: Mounting plugin CableComponent
LogPluginManager: Mounting plugin CustomMeshComponent
LogPluginManager: Mounting plugin ExampleDeviceProfileSelector
LogPluginManager: Mounting plugin GoogleCloudMessaging
LogPluginManager: Mounting plugin ImmediatePhysics
LogPluginManager: Mounting plugin IOSDeviceProfileSelector
LogPluginManager: Mounting plugin LinuxDeviceProfileSelector
LogPluginManager: Mounting plugin LocationServicesBPLibrary
LogPluginManager: Mounting plugin MobilePatchingUtils
LogPluginManager: Mounting plugin OculusVR
LogPluginManager: Plugin shader directory ../../../Engine/Plugins/Runtime/Oculus/OculusVR/Shaders found
LogPluginManager: Mapping shader source directory ../../../Engine/Plugins/Runtime/Oculus/OculusVR/Shaders to virtual directory /Plugin/OculusVR
LogPluginManager: Mounting plugin PhysXVehicles
LogPluginManager: Mounting plugin ProceduralMeshComponent
LogPluginManager: Mounting plugin RuntimePhysXCooking
LogPluginManager: Mounting plugin SteamVR
LogPluginManager: Mounting plugin WindowsMoviePlayer
LogStreaming: Display: Took  0.120s to configure plugins.
LogModuleManager: Display: Found up-to-date module file ../../../../../../Users/Brad/Documents/GitHub/Research-Project/Development/Binaries/Win64/UE4Editor-Development.dll (API version 3944462).
LogModuleManager: Display: Found up-to-date module file ../../../Engine/Plugins/2D/Paper2D/Binaries/Win64/UE4Editor-Paper2D.dll (API version 3944462).
LogModuleManager: Display: Found up-to-date module file ../../../Engine/Plugins/2D/Paper2D/Binaries/Win64/UE4Editor-Paper2DEditor.dll (API version 3944462).
LogModuleManager: Display: Found up-to-date module file ../../../Engine/Plugins/2D/Paper2D/Binaries/Win64/UE4Editor-PaperSpriteSheetImporter.dll (API version 3944462).
LogModuleManager: Display: Found up-to-date module file ../../../Engine/Plugins/2D/Paper2D/Binaries/Win64/UE4Editor-PaperTiledImporter.dll (API version 3944462).
LogModuleManager: Display: Found up-to-date module file ../../../Engine/Plugins/2D/Paper2D/Binaries/Win64/UE4Editor-SmartSnapping.dll (API version 3944462).
LogModuleManager: Display: Found up-to-date module file ../../../Engine/Plugins/Animation/LiveLink/Binaries/Win64/UE4Editor-LiveLink.dll (API version 3944462).
LogModuleManager: Display: Found up-to-date module file ../../../Engine/Plugins/Animation/LiveLink/Binaries/Win64/UE4Editor-LiveLinkEditor.dll (API version 3944462).
LogModuleManager: Display: Found up-to-date module file ../../../Engine/Plugins/Blendables/LightPropagationVolume/Binaries/Win64/UE4Editor-LightPropagationVolumeRuntime.dll (API version 3944462).
LogModuleManager: Display: Found up-to-date module file ../../../Engine/Plugins/Blendables/LightPropagationVolume/Binaries/Win64/UE4Editor-LightPropagationVolumeEditor.dll (API version 3944462).
LogModuleManager: Display: Found up-to-date module file ../../../Engine/Plugins/Developer/CLionSourceCodeAccess/Binaries/Win64/UE4Editor-CLionSourceCodeAccess.dll (API version 3944462).
LogModuleManager: Display: Found up-to-date module file ../../../Engine/Plugins/Developer/GitSourceControl/Binaries/Win64/UE4Editor-GitSourceControl.dll (API version 3944462).
LogModuleManager: Display: Found up-to-date module file ../../../Engine/Plugins/Developer/PerforceSourceControl/Binaries/Win64/UE4Editor-PerforceSourceControl.dll (API version 3944462).
LogModuleManager: Display: Found up-to-date module file ../../../Engine/Plugins/Developer/SubversionSourceControl/Binaries/Win64/UE4Editor-SubversionSourceControl.dll (API version 3944462).
LogModuleManager: Display: Found up-to-date module file ../../../Engine/Plugins/Developer/UObjectPlugin/Binaries/Win64/UE4Editor-UObjectPlugin.dll (API version 3944462).
LogModuleManager: Display: Found up-to-date module file ../../../Engine/Plugins/Developer/VisualStudioCodeSourceCodeAccess/Binaries/Win64/UE4Editor-VisualStudioCodeSourceCodeAccess.dll (API version 3944462).
LogModuleManager: Display: Found up-to-date module file ../../../Engine/Plugins/Developer/VisualStudioSourceCodeAccess/Binaries/Win64/UE4Editor-VisualStudioSourceCodeAccess.dll (API version 3944462).
LogModuleManager: Display: Found up-to-date module file ../../../Engine/Plugins/Editor/AssetManagerEditor/Binaries/Win64/UE4Editor-AssetManagerEditor.dll (API version 3944462).
LogModuleManager: Display: Found up-to-date module file ../../../Engine/Plugins/Editor/CryptoKeys/Binaries/Win64/UE4Editor-CryptoKeys.dll (API version 3944462).
LogModuleManager: Display: Found up-to-date module file ../../../Engine/Plugins/Editor/CryptoKeys/Binaries/Win64/UE4Editor-CryptoKeysOpenSSL.dll (API version 3944462).
LogModuleManager: Display: Found up-to-date module file ../../../Engine/Plugins/Editor/DataValidation/Binaries/Win64/UE4Editor-DataValidation.dll (API version 3944462).
LogModuleManager: Display: Found up-to-date module file ../../../Engine/Plugins/Editor/FacialAnimation/Binaries/Win64/UE4Editor-FacialAnimation.dll (API version 3944462).
LogModuleManager: Display: Found up-to-date module file ../../../Engine/Plugins/Editor/FacialAnimation/Binaries/Win64/UE4Editor-FacialAnimationEditor.dll (API version 3944462).
LogModuleManager: Display: Found up-to-date module file ../../../Engine/Plugins/Editor/GameplayTagsEditor/Binaries/Win64/UE4Editor-GameplayTagsEditor.dll (API version 3944462).
LogModuleManager: Display: Found up-to-date module file ../../../Engine/Plugins/Editor/MobileLauncherProfileWizard/Binaries/Win64/UE4Editor-MobileLauncherProfileWizard.dll (API version 3944462).
LogModuleManager: Display: Found up-to-date module file ../../../Engine/Plugins/Editor/PluginBrowser/Binaries/Win64/UE4Editor-PluginBrowser.dll (API version 3944462).
LogModuleManager: Display: Found up-to-date module file ../../../Engine/Plugins/Editor/SpeedTreeImporter/Binaries/Win64/UE4Editor-SpeedTreeImporter.dll (API version 3944462).
LogModuleManager: Display: Found up-to-date module file ../../../Engine/Plugins/Enterprise/DatasmithContent/Binaries/Win64/UE4Editor-DatasmithContent.dll (API version 3944462).
LogModuleManager: Display: Found up-to-date module file ../../../Engine/Plugins/Experimental/AlembicImporter/Binaries/Win64/UE4Editor-AlembicImporter.dll (API version 3944462).
LogModuleManager: Display: Found up-to-date module file ../../../Engine/Plugins/Experimental/AlembicImporter/Binaries/Win64/UE4Editor-AlembicLibrary.dll (API version 3944462).
LogModuleManager: Display: Found up-to-date module file ../../../Engine/Plugins/Experimental/CharacterAI/Binaries/Win64/UE4Editor-CharacterAI.dll (API version 3944462).
LogModuleManager: Display: Found up-to-date module file ../../../Engine/Plugins/Experimental/HTML5Networking/Binaries/Win64/UE4Editor-HTML5Networking.dll (API version 3944462).
LogModuleManager: Display: Found up-to-date module file ../../../Engine/Plugins/Media/AndroidMedia/Binaries/Win64/UE4Editor-AndroidMediaEditor.dll (API version 3944462).
LogModuleManager: Display: Found up-to-date module file ../../../Engine/Plugins/Media/AndroidMedia/Binaries/Win64/UE4Editor-AndroidMediaFactory.dll (API version 3944462).
LogModuleManager: Display: Found up-to-date module file ../../../Engine/Plugins/Media/AvfMedia/Binaries/Win64/UE4Editor-AvfMediaEditor.dll (API version 3944462).
LogModuleManager: Display: Found up-to-date module file ../../../Engine/Plugins/Media/AvfMedia/Binaries/Win64/UE4Editor-AvfMediaFactory.dll (API version 3944462).
LogModuleManager: Display: Found up-to-date module file ../../../Engine/Plugins/Media/AvfMedia/Binaries/Win64/UE4Editor-AvfMediaFactory.dll (API version 3944462).
LogModuleManager: Display: Found up-to-date module file ../../../Engine/Plugins/Media/ImgMedia/Binaries/Win64/UE4Editor-ImgMedia.dll (API version 3944462).
LogModuleManager: Display: Found up-to-date module file ../../../Engine/Plugins/Media/ImgMedia/Binaries/Win64/UE4Editor-ImgMediaEditor.dll (API version 3944462).
LogModuleManager: Display: Found up-to-date module file ../../../Engine/Plugins/Media/ImgMedia/Binaries/Win64/UE4Editor-ImgMediaFactory.dll (API version 3944462).
LogModuleManager: Display: Found up-to-date module file ../../../Engine/Plugins/Media/ImgMedia/Binaries/Win64/UE4Editor-ImgMediaFactory.dll (API version 3944462).
LogModuleManager: Display: Found up-to-date module file ../../../Engine/Plugins/Media/ImgMedia/Binaries/Win64/UE4Editor-OpenExrWrapper.dll (API version 3944462).
LogModuleManager: Display: Found up-to-date module file ../../../Engine/Plugins/Media/LinearTimecode/Binaries/Win64/UE4Editor-LinearTimecode.dll (API version 3944462).
LogModuleManager: Display: Found up-to-date module file ../../../Engine/Plugins/Media/MediaCompositing/Binaries/Win64/UE4Editor-MediaCompositing.dll (API version 3944462).
LogModuleManager: Display: Found up-to-date module file ../../../Engine/Plugins/Media/MediaCompositing/Binaries/Win64/UE4Editor-MediaCompositingEditor.dll (API version 3944462).
LogModuleManager: Display: Found up-to-date module file ../../../Engine/Plugins/Media/MediaPlayerEditor/Binaries/Win64/UE4Editor-MediaPlayerEditor.dll (API version 3944462).
LogModuleManager: Display: Found up-to-date module file ../../../Engine/Plugins/Media/WmfMedia/Binaries/Win64/UE4Editor-WmfMedia.dll (API version 3944462).
LogModuleManager: Display: Found up-to-date module file ../../../Engine/Plugins/Media/WmfMedia/Binaries/Win64/UE4Editor-WmfMediaEditor.dll (API version 3944462).
LogModuleManager: Display: Found up-to-date module file ../../../Engine/Plugins/Media/WmfMedia/Binaries/Win64/UE4Editor-WmfMediaFactory.dll (API version 3944462).
LogModuleManager: Display: Found up-to-date module file ../../../Engine/Plugins/Media/WmfMedia/Binaries/Win64/UE4Editor-WmfMediaFactory.dll (API version 3944462).
LogModuleManager: Display: Found up-to-date module file ../../../Engine/Plugins/Messaging/TcpMessaging/Binaries/Win64/UE4Editor-TcpMessaging.dll (API version 3944462).
LogModuleManager: Display: Found up-to-date module file ../../../Engine/Plugins/Messaging/UdpMessaging/Binaries/Win64/UE4Editor-UdpMessaging.dll (API version 3944462).
LogModuleManager: Display: Found up-to-date module file ../../../Engine/Plugins/MovieScene/ActorSequence/Binaries/Win64/UE4Editor-ActorSequence.dll (API version 3944462).
LogModuleManager: Display: Found up-to-date module file ../../../Engine/Plugins/MovieScene/LevelSequenceEditor/Binaries/Win64/UE4Editor-LevelSequenceEditor.dll (API version 3944462).
LogModuleManager: Display: Found up-to-date module file ../../../Engine/Plugins/MovieScene/MatineeToLevelSequence/Binaries/Win64/UE4Editor-MatineeToLevelSequence.dll (API version 3944462).
LogModuleManager: Display: Found up-to-date module file ../../../Engine/Plugins/NetcodeUnitTest/NetcodeUnitTest/Binaries/Win64/UE4Editor-NetcodeUnitTest.dll (API version 3944462).
LogModuleManager: Display: Found up-to-date module file ../../../Engine/Plugins/NetcodeUnitTest/NUTUnrealEngine4/Binaries/Win64/UE4Editor-NUTUnrealEngine4.dll (API version 3944462).
LogModuleManager: Display: Found up-to-date module file ../../../Engine/Plugins/Online/OnlineSubsystem/Binaries/Win64/UE4Editor-OnlineSubsystem.dll (API version 3944462).
LogModuleManager: Display: Found up-to-date module file ../../../Engine/Plugins/Online/OnlineSubsystemNull/Binaries/Win64/UE4Editor-OnlineSubsystemNull.dll (API version 3944462).
LogModuleManager: Display: Found up-to-date module file ../../../Engine/Plugins/Online/OnlineSubsystemUtils/Binaries/Win64/UE4Editor-OnlineSubsystemUtils.dll (API version 3944462).
LogModuleManager: Display: Found up-to-date module file ../../../Engine/Plugins/Online/OnlineSubsystemUtils/Binaries/Win64/UE4Editor-OnlineBlueprintSupport.dll (API version 3944462).
LogModuleManager: Display: Found up-to-date module file ../../../Engine/Plugins/Runtime/AndroidDeviceProfileSelector/Binaries/Win64/UE4Editor-AndroidDeviceProfileSelector.dll (API version 3944462).
LogModuleManager: Display: Found up-to-date module file ../../../Engine/Plugins/Runtime/AndroidPermission/Binaries/Win64/UE4Editor-AndroidPermission.dll (API version 3944462).
LogModuleManager: Display: Found up-to-date module file ../../../Engine/Plugins/Runtime/AppleARKit/Binaries/Win64/UE4Editor-AppleARKit.dll (API version 3944462).
LogModuleManager: Display: Found up-to-date module file ../../../Engine/Plugins/Runtime/ArchVisCharacter/Binaries/Win64/UE4Editor-ArchVisCharacter.dll (API version 3944462).
LogModuleManager: Display: Found up-to-date module file ../../../Engine/Plugins/Runtime/AudioCapture/Binaries/Win64/UE4Editor-AudioCapture.dll (API version 3944462).
LogModuleManager: Display: Found up-to-date module file ../../../Engine/Plugins/Runtime/AudioCapture/Binaries/Win64/UE4Editor-AudioCaptureEditor.dll (API version 3944462).
LogModuleManager: Display: Found up-to-date module file ../../../Engine/Plugins/Runtime/CableComponent/Binaries/Win64/UE4Editor-CableComponent.dll (API version 3944462).
LogModuleManager: Display: Found up-to-date module file ../../../Engine/Plugins/Runtime/CustomMeshComponent/Binaries/Win64/UE4Editor-CustomMeshComponent.dll (API version 3944462).
LogModuleManager: Display: Found up-to-date module file ../../../Engine/Plugins/Runtime/ExampleDeviceProfileSelector/Binaries/Win64/UE4Editor-ExampleDeviceProfileSelector.dll (API version 3944462).
LogModuleManager: Display: Found up-to-date module file ../../../Engine/Plugins/Runtime/ImmediatePhysics/Binaries/Win64/UE4Editor-ImmediatePhysics.dll (API version 3944462).
LogModuleManager: Display: Found up-to-date module file ../../../Engine/Plugins/Runtime/ImmediatePhysics/Binaries/Win64/UE4Editor-ImmediatePhysicsEditor.dll (API version 3944462).
LogModuleManager: Display: Found up-to-date module file ../../../Engine/Plugins/Runtime/LocationServicesBPLibrary/Binaries/Win64/UE4Editor-LocationServicesBPLibrary.dll (API version 3944462).
LogModuleManager: Display: Found up-to-date module file ../../../Engine/Plugins/Runtime/MobilePatchingUtils/Binaries/Win64/UE4Editor-MobilePatchingUtils.dll (API version 3944462).
LogModuleManager: Display: Found up-to-date module file ../../../Engine/Plugins/Runtime/Oculus/OculusVR/Binaries/Win64/UE4Editor-OculusHMD.dll (API version 3944462).
LogModuleManager: Display: Found up-to-date module file ../../../Engine/Plugins/Runtime/Oculus/OculusVR/Binaries/Win64/UE4Editor-OculusInput.dll (API version 3944462).
LogModuleManager: Display: Found up-to-date module file ../../../Engine/Plugins/Runtime/Oculus/OculusVR/Binaries/Win64/UE4Editor-OculusEditor.dll (API version 3944462).
LogModuleManager: Display: Found up-to-date module file ../../../Engine/Plugins/Runtime/PhysXVehicles/Binaries/Win64/UE4Editor-PhysXVehicles.dll (API version 3944462).
LogModuleManager: Display: Found up-to-date module file ../../../Engine/Plugins/Runtime/PhysXVehicles/Binaries/Win64/UE4Editor-PhysXVehiclesEditor.dll (API version 3944462).
LogModuleManager: Display: Found up-to-date module file ../../../Engine/Plugins/Runtime/ProceduralMeshComponent/Binaries/Win64/UE4Editor-ProceduralMeshComponent.dll (API version 3944462).
LogModuleManager: Display: Found up-to-date module file ../../../Engine/Plugins/Runtime/ProceduralMeshComponent/Binaries/Win64/UE4Editor-ProceduralMeshComponentEditor.dll (API version 3944462).
LogModuleManager: Display: Found up-to-date module file ../../../Engine/Plugins/Runtime/RuntimePhysXCooking/Binaries/Win64/UE4Editor-RuntimePhysXCooking.dll (API version 3944462).
LogModuleManager: Display: Found up-to-date module file ../../../Engine/Plugins/Runtime/Steam/SteamVR/Binaries/Win64/UE4Editor-SteamVR.dll (API version 3944462).
LogModuleManager: Display: Found up-to-date module file ../../../Engine/Plugins/Runtime/Steam/SteamVR/Binaries/Win64/UE4Editor-SteamVRController.dll (API version 3944462).
LogModuleManager: Display: Found up-to-date module file ../../../Engine/Plugins/Runtime/WindowsMoviePlayer/Binaries/Win64/UE4Editor-WindowsMoviePlayer.dll (API version 3944462).
LogInit: Using libcurl 7.47.1
LogInit:  - built for x86_64-pc-win32
LogInit:  - supports SSL with OpenSSL/1.0.2g
LogInit:  - supports HTTP deflate (compression) using libz 1.2.8
LogInit:  - other features:
LogInit:      CURL_VERSION_SSL
LogInit:      CURL_VERSION_LIBZ
LogInit:      CURL_VERSION_IPV6
LogInit:      CURL_VERSION_ASYNCHDNS
LogInit:      CURL_VERSION_LARGEFILE
LogInit:      CURL_VERSION_IDN
LogInit:  CurlRequestOptions (configurable via config and command line):
LogInit:  - bVerifyPeer = false  - Libcurl will NOT verify peer certificate
LogInit:  - bUseHttpProxy = false  - Libcurl will NOT use HTTP proxy
LogInit:  - bDontReuseConnections = false  - Libcurl will reuse connections
LogInit:  - CertBundlePath = nullptr  - Libcurl will use whatever was configured at build time.
LogInit:  - MaxHostConnections = 16  - Libcurl will limit the number of connections to a host
LogInit:  - LocalHostAddr = Default
LogInit: WinSock: version 1.1 (2.2), MaxSocks=32767, MaxUdp=65467
LogInit: WinSock: I am Evolv (192.168.56.1:0)
LogInit: Build: ++UE4+Release-4.19-CL-3989454
LogInit: Engine Version: 4.19.1-3989454+++UE4+Release-4.19
LogInit: Compatible Engine Version: 4.19.0-3944462+++UE4+Release-4.19
LogInit: Net CL: 3944462
LogDevObjectVersion: Number of dev versions registered: 18
LogDevObjectVersion:   Dev-Blueprints (B0D832E4-1F89-4F0D-ACCF-7EB736FD4AA2): 10
LogDevObjectVersion:   Dev-Build (E1C64328-A22C-4D53-A36C-8E866417BD8C): 0
LogDevObjectVersion:   Dev-Core (375EC13C-06E4-48FB-B500-84F0262A717E): 2
LogDevObjectVersion:   Dev-Editor (E4B068ED-F494-42E9-A231-DA0B2E46BB41): 23
LogDevObjectVersion:   Dev-Framework (CFFC743F-43B0-4480-9391-14DF171D2073): 33
LogDevObjectVersion:   Dev-Mobile (B02B49B5-BB20-44E9-A304-32B752E40360): 2
LogDevObjectVersion:   Dev-Networking (A4E4105C-59A1-49B5-A7C5-40C4547EDFEE): 0
LogDevObjectVersion:   Dev-Online (39C831C9-5AE6-47DC-9A44-9C173E1C8E7C): 0
LogDevObjectVersion:   Dev-Physics (78F01B33-EBEA-4F98-B9B4-84EACCB95AA2): 0
LogDevObjectVersion:   Dev-Platform (6631380F-2D4D-43E0-8009-CF276956A95A): 0
LogDevObjectVersion:   Dev-Rendering (12F88B9F-8875-4AFC-A67C-D90C383ABD29): 25
LogDevObjectVersion:   Dev-Sequencer (7B5AE74C-D270-4C10-A958-57980B212A5A): 6
LogDevObjectVersion:   Dev-VR (D7296918-1DD6-4BDD-9DE2-64A83CC13884): 1
LogDevObjectVersion:   Dev-LoadTimes (C2A15278-BFE7-4AFE-6C17-90FF531DF755): 1
LogDevObjectVersion:   Private-Geometry (6EACA3D4-40EC-4CC1-B786-8BED09428FC5): 2
LogDevObjectVersion:   Dev-AnimPhys (29E575DD-E0A3-4627-9D10-D276232CDCEA): 16
LogDevObjectVersion:   Dev-ReflectionCapture (6B266CEC-1EC7-4B8F-A30B-E4D90942FC07): 1
LogDevObjectVersion:   Dev-Automation (0DF73D61-A23F-47EA-B727-89E90C41499A): 1
LogInit: Compiled (64-bit): Apr  6 2018 12:26:04
LogInit: Compiled with Visual C++: 19.00.24215.01
LogInit: Build Configuration: Development
LogInit: Branch Name: ++UE4+Release-4.19
LogInit: Command Line:  -skipcompile
LogInit: Base Directory: C:/Program Files/Epic Games/UE_4.19/Engine/Binaries/Win64/
LogInit: Installed Engine Build: 1
LogStreaming: Display: Took  0.002s to delete old logs.
LogInit: Presizing for max 8388607 objects, including 0 objects not considered by GC, pre-allocating 0 bytes for permanent pool.
LogInit: Object subsystem initialized
[2018.05.01-19.23.57:837][  0]LogInit: Selected Device Profile: [Windows]
[2018.05.01-19.23.57:837][  0]LogInit: Applying CVar settings loaded from the selected device profile: [Windows]
[2018.05.01-19.23.57:853][  0]LogInit: Computer: EVOLV
[2018.05.01-19.23.57:854][  0]LogInit: User: Brad
[2018.05.01-19.23.57:854][  0]LogInit: CPU Page size=4096, Cores=6
[2018.05.01-19.23.57:854][  0]LogInit: High frequency timer resolution =3.119146 MHz
[2018.05.01-19.23.57:854][  0]LogMemory: Memory total: Physical=15.9GB (16GB approx)
[2018.05.01-19.23.57:854][  0]LogMemory: Platform Memory Stats for Windows
[2018.05.01-19.23.57:854][  0]LogMemory: Process Physical Memory: 275.29 MB used, 275.29 MB peak
[2018.05.01-19.23.57:854][  0]LogMemory: Process Virtual Memory: 271.83 MB used, 271.83 MB peak
[2018.05.01-19.23.57:854][  0]LogMemory: Physical Memory: 7614.99 MB used,  8704.35 MB free, 16319.34 MB total
[2018.05.01-19.23.57:854][  0]LogMemory: Virtual Memory: 713.53 MB used,  8704.35 MB free, 134217728.00 MB total
[2018.05.01-19.23.58:655][  0]LogInit: Using OS detected language (en-GB).
[2018.05.01-19.23.58:655][  0]LogInit: Using OS detected locale (en-GB).
[2018.05.01-19.23.58:658][  0]LogTextLocalizationManager: No specific localization for 'en-GB' exists, so the 'en' localization will be used.
[2018.05.01-19.23.59:138][  0]LogStreaming: Display: Took  0.483s to EndInitTextLocalization.
[2018.05.01-19.23.59:138][  0]LogInit: Setting process to per monitor DPI aware
[2018.05.01-19.23.59:197][  0]LogSlate: New Slate User Created.  User Index 0, Is Virtual User: 0
[2018.05.01-19.23.59:197][  0]LogSlate: Slate User Registered.  User Index 0, Is Virtual User: 0
[2018.05.01-19.23.59:407][  0]LogD3D11RHI: D3D11 adapters:
[2018.05.01-19.23.59:515][  0]LogD3D11RHI:    0. 'NVIDIA GeForce GTX 1060 6GB' (Feature Level 11_0)
[2018.05.01-19.23.59:515][  0]LogD3D11RHI:       6052/0/8159 MB DedicatedVideo/DedicatedSystem/SharedSystem, Outputs:2, VendorId:0x10de
[2018.05.01-19.23.59:526][  0]LogD3D11RHI:    1. 'Microsoft Basic Render Driver' (Feature Level 11_0)
[2018.05.01-19.23.59:526][  0]LogD3D11RHI:       0/0/8159 MB DedicatedVideo/DedicatedSystem/SharedSystem, Outputs:0, VendorId:0x1414
[2018.05.01-19.23.59:526][  0]LogD3D11RHI: Chosen D3D11 Adapter: 0
[2018.05.01-19.23.59:541][  0]LogD3D11RHI: Creating new Direct3DDevice
[2018.05.01-19.23.59:541][  0]LogD3D11RHI:     GPU DeviceId: 0x1c03 (for the marketing name, search the web for "GPU Device Id")
[2018.05.01-19.23.59:542][  0]LogWindows: EnumDisplayDevices:
[2018.05.01-19.23.59:542][  0]LogWindows:    0. 'NVIDIA GeForce GTX 1060 6GB' (P:0 D:1)
[2018.05.01-19.23.59:542][  0]LogWindows:    1. 'NVIDIA GeForce GTX 1060 6GB' (P:1 D:1)
[2018.05.01-19.23.59:542][  0]LogWindows:    2. 'NVIDIA GeForce GTX 1060 6GB' (P:0 D:0)
[2018.05.01-19.23.59:542][  0]LogWindows:    3. 'NVIDIA GeForce GTX 1060 6GB' (P:0 D:0)
[2018.05.01-19.23.59:542][  0]LogWindows: DebugString: GetVideoDriverDetailsInvalid PrimaryIsNotTheChoosenAdapter GetVideoDriverDetailsInvalid PrimaryIsNotTheChoosenAdapter GetVideoDriverDetailsInvalid PrimaryIsNotTheChoosenAdapter GetVideoDriverDetailsInvalid PrimaryIsNotTheChoosenAdapter FoundDriverCount:0 
[2018.05.01-19.23.59:542][  0]LogD3D11RHI:     Adapter Name: NVIDIA GeForce GTX 1060 6GB
[2018.05.01-19.23.59:542][  0]LogD3D11RHI:   Driver Version: Unknown (internal:Unknown, unified:Unknown)
[2018.05.01-19.23.59:542][  0]LogD3D11RHI:      Driver Date: Unknown
[2018.05.01-19.23.59:542][  0]LogRHI: Texture pool is 4236 MB (70% of 6052 MB)
[2018.05.01-19.23.59:598][  0]LogD3D11RHI: [Aftermath] Aftermath enabled and primed
[2018.05.01-19.23.59:598][  0]LogD3D11RHI: Async texture creation enabled
[2018.05.01-19.23.59:671][  0]LogD3D11RHI: GPU Timing Frequency: 1000.000000 (Debug: 2 2)
[2018.05.01-19.23.59:770][  0]LogShaderCompilers: Guid format shader working directory is -30 characters bigger than the processId version (../../../../../../Users/Brad/Documents/GitHub/Research-Project/Development/Intermediate/Shaders/WorkingDirectory/19696/).
[2018.05.01-19.23.59:770][  0]LogShaderCompilers: Cleaned the shader compiler working directory 'C:/Users/Brad/AppData/Local/Temp/UnrealShaderWorkingDir/9EAFBE394311169F89D8FFAF0A33F791/'.
[2018.05.01-19.24.00:003][  0]LogTemp: Display: Loaded TP AllDesktopTargetPlatform
[2018.05.01-19.24.00:024][  0]LogTemp: Display: Loaded TP MacClientTargetPlatform
[2018.05.01-19.24.00:047][  0]LogTemp: Display: Loaded TP MacNoEditorTargetPlatform
[2018.05.01-19.24.00:068][  0]LogTemp: Display: Loaded TP MacServerTargetPlatform
[2018.05.01-19.24.00:089][  0]LogTemp: Display: Loaded TP MacTargetPlatform
[2018.05.01-19.24.00:110][  0]LogTemp: Display: Loaded TP WindowsClientTargetPlatform
[2018.05.01-19.24.00:131][  0]LogTemp: Display: Loaded TP WindowsNoEditorTargetPlatform
[2018.05.01-19.24.00:152][  0]LogTemp: Display: Loaded TP WindowsServerTargetPlatform
[2018.05.01-19.24.00:163][  0]LogTemp: Display: Loaded TP WindowsTargetPlatform
[2018.05.01-19.24.00:182][  0]LogTemp: Display: Loaded TP Android_ASTCTargetPlatform
[2018.05.01-19.24.00:200][  0]LogTemp: Display: Loaded TP Android_ATCTargetPlatform
[2018.05.01-19.24.00:218][  0]LogTemp: Display: Loaded TP Android_DXTTargetPlatform
[2018.05.01-19.24.00:237][  0]LogTemp: Display: Loaded TP Android_ETC1aTargetPlatform
[2018.05.01-19.24.00:256][  0]LogTemp: Display: Loaded TP Android_ETC1TargetPlatform
[2018.05.01-19.24.00:275][  0]LogTemp: Display: Loaded TP Android_ETC2TargetPlatform
[2018.05.01-19.24.00:312][  0]LogTemp: Display: Loaded TP Android_MultiTargetPlatform
[2018.05.01-19.24.00:312][  0]LogTemp: Display: Loaded TP Android_PVRTCTargetPlatform
[2018.05.01-19.24.00:331][  0]LogTemp: Display: Loaded TP AndroidTargetPlatform
[2018.05.01-19.24.00:334][  0]LogTemp: Display: Loaded TP HTML5TargetPlatform
[2018.05.01-19.24.00:383][  0]LogTemp: Display: Loaded TP IOSTargetPlatform
[2018.05.01-19.24.00:401][  0]LogTemp: Display: Loaded TP TVOSTargetPlatform
[2018.05.01-19.24.00:420][  0]LogTemp: Display: Loaded TP LinuxClientTargetPlatform
[2018.05.01-19.24.00:442][  0]LogTemp: Display: Loaded TP LinuxNoEditorTargetPlatform
[2018.05.01-19.24.00:461][  0]LogTemp: Display: Loaded TP LinuxServerTargetPlatform
[2018.05.01-19.24.00:481][  0]LogTemp: Display: Loaded TP LinuxTargetPlatform
[2018.05.01-19.24.00:481][  0]LogTargetPlatformManager: Display: Building Assets For Windows
[2018.05.01-19.24.00:692][  0]LogXGEController: Cleaning working directory: C:/Users/Brad/AppData/Local/Temp/UnrealXGEWorkingDir/
[2018.05.01-19.24.00:693][  0]LogXGEController: Cannot use XGE Controller as Incredibuild is not installed on this machine.
[2018.05.01-19.24.00:693][  0]LogShaderCompilers: Cannot use XGE Shader Compiler as Incredibuild is not installed on this machine.
[2018.05.01-19.24.00:693][  0]LogShaderCompilers: Display: Using Local Shader Compiler.
[2018.05.01-19.24.01:462][  0]LogDerivedDataCache: Display: Max Cache Size: 512 MB
[2018.05.01-19.24.01:537][  0]LogDerivedDataCache: Loaded boot cache 0.07s 74MB C:/Users/Brad/AppData/Local/UnrealEngine/4.19/DerivedDataCache/Boot.ddc.
[2018.05.01-19.24.01:538][  0]LogDerivedDataCache: Display: Loaded Boot cache: C:/Users/Brad/AppData/Local/UnrealEngine/4.19/DerivedDataCache/Boot.ddc
[2018.05.01-19.24.01:538][  0]LogDerivedDataCache: FDerivedDataBackendGraph:  Pak pak cache file ../../../../../../Users/Brad/Documents/GitHub/Research-Project/Development/DerivedDataCache/DDC.ddp not found, will not use a pak cache.
[2018.05.01-19.24.01:538][  0]LogDerivedDataCache: Unable to find inner node Pak for hierarchical cache Hierarchy.
[2018.05.01-19.24.01:538][  0]LogDerivedDataCache: FDerivedDataBackendGraph:  CompressedPak pak cache file ../../../../../../Users/Brad/Documents/GitHub/Research-Project/Development/DerivedDataCache/Compressed.ddp not found, will not use a pak cache.
[2018.05.01-19.24.01:538][  0]LogDerivedDataCache: Unable to find inner node CompressedPak for hierarchical cache Hierarchy.
[2018.05.01-19.24.01:558][  0]LogDerivedDataCache: Display: Pak cache opened for reading ../../../Engine/DerivedDataCache/Compressed.ddp.
[2018.05.01-19.24.01:570][  0]LogDerivedDataCache: Using Local data cache path C:/Users/Brad/AppData/Local/UnrealEngine/Common/DerivedDataCache: Writable
[2018.05.01-19.24.01:583][  0]LogMaterial: Verifying Global Shaders for PCD3D_SM5
[2018.05.01-19.24.01:583][  0]LogSlate: Using Freetype 2.6.0
[2018.05.01-19.24.01:584][  0]LogSlate: SlateFontCache - WITH_FREETYPE: 1, WITH_HARFBUZZ: 1
[2018.05.01-19.24.01:584][  0]LogSlate: SlateFontCache - WITH_FREETYPE: 1, WITH_HARFBUZZ: 1
[2018.05.01-19.24.01:721][  0]LogAssetRegistry: FAssetRegistry took 0.0294 seconds to start up
[2018.05.01-19.24.02:090][  0]LogInit: Selected Device Profile: [Windows]
[2018.05.01-19.24.02:259][  0]LogSimplygon: Simplygon DLL not present - disabling.
[2018.05.01-19.24.02:264][  0]LogMeshReduction: Using SimplygonSwarm for distributed automatic mesh merging
[2018.05.01-19.24.02:265][  0]LogMeshReduction: Using QuadricMeshReduction for automatic static mesh reduction
[2018.05.01-19.24.02:265][  0]LogMeshReduction: No automatic skeletal mesh reduction module available
[2018.05.01-19.24.02:265][  0]LogMeshReduction: No automatic mesh merging module available
[2018.05.01-19.24.02:265][  0]LogMeshMerging: No automatic mesh merging module available
[2018.05.01-19.24.02:303][  0]LogNetVersion: Development , NetCL: 3944462, EngineNetVer: 2, GameNetVer: 0 (Checksum: 3771591798)
[2018.05.01-19.24.02:752][  0]LogPackageLocalizationCache: Processed 9 localized package path(s) for 2 prioritized culture(s) in 0.090743 seconds
[2018.05.01-19.24.02:759][  0]LogUObjectArray: 36728 objects as part of root set at end of initial load.
[2018.05.01-19.24.02:759][  0]LogUObjectAllocator: 7314304 out of 0 bytes used by permanent object pool.
[2018.05.01-19.24.02:759][  0]LogUObjectArray: CloseDisregardForGC: 0/0 objects in disregard for GC pool
[2018.05.01-19.24.04:517][  0]LogTcpMessaging: Initializing TcpMessaging bridge
[2018.05.01-19.24.04:554][  0]LogUdpMessaging: Initializing bridge on interface 0.0.0.0:0 to multicast group 230.0.0.1:6666.
[2018.05.01-19.24.05:026][  0]SourceControl: Source control is disabled
[2018.05.01-19.24.05:026][  0]SourceControl: Source control is disabled
[2018.05.01-19.24.05:050][  0]SourceControl: Source control is disabled
[2018.05.01-19.24.05:073][  0]SourceControl: Source control is disabled
[2018.05.01-19.24.05:688][  0]LogAndroidPermission: UAndroidPermissionCallbackProxy::GetInstance
[2018.05.01-19.24.05:907][  0]LogOcInput: OculusInput pre-init called
[2018.05.01-19.24.06:038][  0]LogEngine: Initializing Engine...
[2018.05.01-19.24.06:040][  0]LogHMD: Failed to initialize OpenVR with code 110
[2018.05.01-19.24.06:042][  0]LogStats: UGameplayTagsManager::ConstructGameplayTagTree: Construct from data asset -  0.000 s
[2018.05.01-19.24.06:042][  0]LogStats: UGameplayTagsManager::ConstructGameplayTagTree: GameplayTagTreeChangedEvent.Broadcast -  0.000 s
[2018.05.01-19.24.06:325][  0]LogAIModule: Creating AISystem for world Untitled
[2018.05.01-19.24.06:341][  0]LogInit: XAudio2 using 'Speakers (EDIFIER e3350 Stereo)' : 2 channels at 44.1 kHz using 16 bits per sample (channel mask 0x3)
[2018.05.01-19.24.06:362][  0]LogInit: FAudioDevice initialized.
[2018.05.01-19.24.06:442][  0]LogDerivedDataCache: Saved boot cache 0.08s 74MB C:/Users/Brad/AppData/Local/UnrealEngine/4.19/DerivedDataCache/Boot.ddc.
[2018.05.01-19.24.06:455][  0]LogInit: Texture streaming: Enabled
[2018.05.01-19.24.06:483][  0]LogEngineSessionManager: EngineSessionManager initialized
[2018.05.01-19.24.06:483][  0]LogEngineSessionManager: EngineSessionManager sent abnormal shutdown report. Type=Debugger, SessionId={37880BF2-463E-6AC5-8284-BBA5C1317ADE}
[2018.05.01-19.24.06:497][  0]LogInit: Transaction tracking system initialized
[2018.05.01-19.24.06:537][  0]BlueprintLog: New page: Editor Load
[2018.05.01-19.24.06:660][  0]LocalizationService: Localization service is disabled
[2018.05.01-19.24.06:799][  0]LogConsoleResponse: Display: 
[2018.05.01-19.24.06:950][  0]LogCook: Display: Max memory allowance for cook 16384mb min free memory 0mb
[2018.05.01-19.24.06:950][  0]LogCook: Display: Mobile HDR setting 0
[2018.05.01-19.24.06:951][  0]LogGameplayTags: Display: UGameplayTagsManager::DoneAddingNativeTags. DelegateIsBound: 0
[2018.05.01-19.24.06:951][  0]LogStats: UGameplayTagsManager::ConstructGameplayTagTree: Construct from data asset -  0.000 s
[2018.05.01-19.24.06:951][  0]LogStats: UGameplayTagsManager::ConstructGameplayTagTree: GameplayTagTreeChangedEvent.Broadcast -  0.000 s
[2018.05.01-19.24.07:381][  0]LogFileCache: Scanning file cache for directory 'C:/Users/Brad/Documents/GitHub/Research-Project/Development/Content/' took 0.02s
[2018.05.01-19.24.07:455][  0]SourceControl: Source control is disabled
[2018.05.01-19.24.07:456][  0]Cmd: MAP LOAD FILE="../../../../../../Users/Brad/Documents/GitHub/Research-Project/Development/Content/World.umap" TEMPLATE=0 SHOWPROGRESS=1 FEATURELEVEL=3
[2018.05.01-19.24.07:456][  0]LightingResults: New page: Lighting Build
[2018.05.01-19.24.07:460][  0]MapCheck: New page: Map Check
[2018.05.01-19.24.07:460][  0]LightingResults: New page: Lighting Build
[2018.05.01-19.24.07:761][  0]LogBlueprint: Warning: [Compiler BP_MotionController] Set Hand  is deprecated; please replace or remove it.
[2018.05.01-19.24.07:761][  0]LogBlueprint: Warning: [Compiler BP_MotionController] Set Hand  is deprecated; Please use the Motion Source property instead of Hand
[2018.05.01-19.24.07:784][  0]LogBlueprint: Warning: [Compiler BP_MotionController] [0013.92] Compile of BP_MotionController successful, but with 2 Warning(s) [in 40 ms] (/Game/VirtualRealityBP/Blueprints/BP_MotionController.BP_MotionController)
[2018.05.01-19.24.07:892][  0]LogSkeletalMesh: Skeletal Mesh found in DDC [1.900841ms] /Game/VirtualReality/Mannequin/Character/Mesh/MannequinHand_Right.MannequinHand_Right
[2018.05.01-19.24.08:173][  0]LogAIModule: Creating AISystem for world World
[2018.05.01-19.24.08:185][  0]LogEditorServer: Finished looking for orphan Actors (0.000 secs)
[2018.05.01-19.24.08:197][  0]Cmd: MAP CHECKDEP NOCLEARLOG
[2018.05.01-19.24.08:263][  0]MapCheck: Map check complete: 0 Error(s), 0 Warning(s), took 65.371ms to complete.
[2018.05.01-19.24.08:263][  0]LogFileHelpers: Loading map 'World' took 0.807
[2018.05.01-19.24.08:430][  0]LogCollectionManager: Loaded 0 collections in 0.002694 seconds
[2018.05.01-19.24.08:481][  0]LogFileCache: Scanning file cache for directory 'C:/Users/Brad/Documents/GitHub/Research-Project/Development/Saved/Collections/' took 0.01s
[2018.05.01-19.24.08:481][  0]LogFileCache: Scanning file cache for directory 'C:/Users/Brad/Documents/GitHub/Research-Project/Development/Content/Developers/Brad/Collections/' took 0.01s
[2018.05.01-19.24.08:481][  0]LogFileCache: Scanning file cache for directory 'C:/Users/Brad/Documents/GitHub/Research-Project/Development/Content/Collections/' took 0.01s
[2018.05.01-19.24.08:481][  0]LogCollectionManager: Rebuilt the GUID cache for 0 collections in 0.000000 seconds
[2018.05.01-19.24.08:493][  0]LogContentBrowser: Native class hierarchy populated in 0.0119 seconds. Added 2453 classes and 560 folders.
[2018.05.01-19.24.08:502][  0]LogContentBrowser: Native class hierarchy updated for 'WidgetCarousel' in 0.0008 seconds. Added 0 classes and 0 folders.
[2018.05.01-19.24.08:557][  0]LogContentBrowser: Native class hierarchy updated for 'AddContentDialog' in 0.0008 seconds. Added 0 classes and 0 folders.
[2018.05.01-19.24.08:566][  0]LogContentBrowser: Native class hierarchy updated for 'SceneOutliner' in 0.0008 seconds. Added 1 classes and 2 folders.
[2018.05.01-19.24.08:636][  0]LogSlate: Took 0.000244 seconds to synchronously load lazily loaded font '../../../Engine/Content/Slate/Fonts/Roboto-Regular.ttf' (155K)
[2018.05.01-19.24.08:639][  0]LogSlate: Took 0.000219 seconds to synchronously load lazily loaded font '../../../Engine/Content/Slate/Fonts/Roboto-Bold.ttf' (160K)
[2018.05.01-19.24.08:646][  0]LogSlate: Took 0.000227 seconds to synchronously load lazily loaded font '../../../Engine/Content/Editor/Slate/Fonts/FontAwesome.ttf' (139K)
[2018.05.01-19.24.08:748][  0]LogRenderer: Reallocating scene render targets to support 1208x576 Format 10 NumSamples 1 (Frame:1).
[2018.05.01-19.24.08:790][  0]LogSlate: Took 0.000162 seconds to synchronously load lazily loaded font '../../../Engine/Content/Slate/Fonts/Roboto-Light.ttf' (167K)
[2018.05.01-19.24.08:883][  0]LogContentBrowser: Native class hierarchy updated for 'HierarchicalLODOutliner' in 0.0008 seconds. Added 0 classes and 0 folders.
[2018.05.01-19.24.08:884][  0]LogLoad: (Engine Initialization) Total time: 15.02 seconds
[2018.05.01-19.24.08:884][  0]LogLoad: (Engine Initialization) Total Blueprint compile time: 0.00 seconds
[2018.05.01-19.24.08:893][  0]LogWindowsTextInputMethodSystem: Display: IME system now deactivated.
[2018.05.01-19.24.08:915][  0]LogContentStreaming: Texture pool size now 1000 MB
[2018.05.01-19.24.08:953][  1]LogAssetRegistry: Asset discovery search completed in 7.2552 seconds
[2018.05.01-19.24.08:955][  1]LogCollectionManager: Rebuilt the object cache for 0 collections in 0.000000 seconds (found 0 objects)
[2018.05.01-19.24.08:956][  1]LogCollectionManager: Fixed up redirectors for 0 collections in 0.000160 seconds (updated 0 objects)
[2018.05.01-19.24.14:167][614]LogSlate: FSceneViewport::OnFocusLost() reason 0
[2018.05.01-19.24.14:995][708]LogEditor: Attempting to add actor of class 'IKIntegration' to level at 420.00,-510.00,475.00
[2018.05.01-19.24.15:885][813]LogEditor: Attempting to add actor of class 'IKIntegration' to level at -150.00,-20.00,20.00
[2018.05.01-19.24.18:310][100]LogSlate: FSceneViewport::OnFocusLost() reason 0
[2018.05.01-19.24.18:312][100]LogSlate: Took 0.000194 seconds to synchronously load lazily loaded font '../../../Engine/Content/Slate/Fonts/DroidSansMono.ttf' (77K)
[2018.05.01-19.24.21:281][294]LogTemp: Repeating last play command: Selected Viewport
[2018.05.01-19.24.21:301][294]LogBlueprintUserMessages: Early PlayInEditor Detection: Level '/Game/World.World:PersistentLevel' has LevelScriptBlueprint '/Game/World.World:PersistentLevel.World' with GeneratedClass '/Game/World.World_C' with ClassGeneratedBy '/Game/World.World:PersistentLevel.World'
[2018.05.01-19.24.21:302][294]LogPlayLevel: PlayLevel: No blueprints needed recompiling
[2018.05.01-19.24.21:302][294]PIE: New page: PIE session: World (1 May 2018 21:24:21)
[2018.05.01-19.24.21:303][294]LogPlayLevel: Creating play world package: /Game/UEDPIE_0_World
[2018.05.01-19.24.21:309][294]LogPlayLevel: PIE: StaticDuplicateObject took: (0.005351s)
[2018.05.01-19.24.21:310][294]LogAIModule: Creating AISystem for world World
[2018.05.01-19.24.21:310][294]LogPlayLevel: PIE: World Init took: (0.001200s)
[2018.05.01-19.24.21:310][294]LogPlayLevel: PIE: Created PIE world by copying editor world from /Game/World.World to /Game/UEDPIE_0_World.World (0.007532s)
[2018.05.01-19.24.21:334][294]LogInit: XAudio2 using 'Speakers (EDIFIER e3350 Stereo)' : 2 channels at 44.1 kHz using 16 bits per sample (channel mask 0x3)
[2018.05.01-19.24.21:342][294]LogInit: FAudioDevice initialized.
[2018.05.01-19.24.21:392][294]LogLoad: Game class is 'GameModeBase'
[2018.05.01-19.24.21:395][294]LogWorld: Bringing World /Game/UEDPIE_0_World.World up for play (max tick rate 0) at 2018.05.01-20.24.21
[2018.05.01-19.24.21:395][294]LogWorld: Bringing up level for play took: 0.001666
[2018.05.01-19.24.21:400][294]LogContentBrowser: Native class hierarchy updated for 'MovieSceneCapture' in 0.0008 seconds. Added 11 classes and 0 folders.
[2018.05.01-19.24.21:402][294]LogTemp: Parsed the urdf file
[2018.05.01-19.24.21:402][294]LogTemp: Robot is called: robot
[2018.05.01-19.24.21:403][294]LogTemp: Constructed the kdl tree
[2018.05.01-19.24.21:403][294]LogTemp: Number of segments in tree is: 4
[2018.05.01-19.24.21:406][294]PIE: Play in editor start time for /Game/UEDPIE_0_World -0.624
[2018.05.01-19.24.21:406][294]LogBlueprintUserMessages: Late PlayInEditor Detection: Level '/Game/World.World:PersistentLevel' has LevelScriptBlueprint '/Game/World.World:PersistentLevel.World' with GeneratedClass '/Game/World.World_C' with ClassGeneratedBy '/Game/World.World:PersistentLevel.World'
[2018.05.01-19.24.25:042][726]LogBlueprintUserMessages: Early EndPlayMap Detection: Level '/Game/World.World:PersistentLevel' has LevelScriptBlueprint '/Game/World.World:PersistentLevel.World' with GeneratedClass '/Game/World.World_C' with ClassGeneratedBy '/Game/World.World:PersistentLevel.World'
[2018.05.01-19.24.25:077][726]LogBlueprintUserMessages: Late EndPlayMap Detection: Level '/Game/World.World:PersistentLevel' has LevelScriptBlueprint '/Game/World.World:PersistentLevel.World' with GeneratedClass '/Game/World.World_C' with ClassGeneratedBy '/Game/World.World:PersistentLevel.World'
[2018.05.01-19.24.27:906][ 63]LogTemp: Repeating last play command: Selected Viewport
[2018.05.01-19.24.27:926][ 63]LogBlueprintUserMessages: Early PlayInEditor Detection: Level '/Game/World.World:PersistentLevel' has LevelScriptBlueprint '/Game/World.World:PersistentLevel.World' with GeneratedClass '/Game/World.World_C' with ClassGeneratedBy '/Game/World.World:PersistentLevel.World'
[2018.05.01-19.24.27:927][ 63]LogPlayLevel: PlayLevel: No blueprints needed recompiling
[2018.05.01-19.24.27:927][ 63]PIE: New page: PIE session: World (1 May 2018 21:24:27)
[2018.05.01-19.24.27:928][ 63]LogPlayLevel: Creating play world package: /Game/UEDPIE_0_World
[2018.05.01-19.24.27:932][ 63]LogPlayLevel: PIE: StaticDuplicateObject took: (0.003830s)
[2018.05.01-19.24.27:933][ 63]LogAIModule: Creating AISystem for world World
[2018.05.01-19.24.27:933][ 63]LogPlayLevel: PIE: World Init took: (0.001016s)
[2018.05.01-19.24.27:933][ 63]LogPlayLevel: PIE: Created PIE world by copying editor world from /Game/World.World to /Game/UEDPIE_0_World.World (0.005657s)
[2018.05.01-19.24.27:954][ 63]LogInit: XAudio2 using 'Speakers (EDIFIER e3350 Stereo)' : 2 channels at 44.1 kHz using 16 bits per sample (channel mask 0x3)
[2018.05.01-19.24.27:962][ 63]LogInit: FAudioDevice initialized.
[2018.05.01-19.24.27:997][ 63]LogLoad: Game class is 'GameModeBase'
[2018.05.01-19.24.27:999][ 63]LogWorld: Bringing World /Game/UEDPIE_0_World.World up for play (max tick rate 0) at 2018.05.01-20.24.27
[2018.05.01-19.24.28:000][ 63]LogWorld: Bringing up level for play took: 0.001485
[2018.05.01-19.24.28:001][ 63]LogTemp: Parsed the urdf file
[2018.05.01-19.24.28:001][ 63]LogTemp: Robot is called: robot
[2018.05.01-19.24.28:001][ 63]LogTemp: Constructed the kdl tree
[2018.05.01-19.24.28:001][ 63]LogTemp: Number of segments in tree is: 4
[2018.05.01-19.24.28:004][ 63]PIE: Play in editor start time for /Game/UEDPIE_0_World -0.025
[2018.05.01-19.24.28:004][ 63]LogBlueprintUserMessages: Late PlayInEditor Detection: Level '/Game/World.World:PersistentLevel' has LevelScriptBlueprint '/Game/World.World:PersistentLevel.World' with GeneratedClass '/Game/World.World_C' with ClassGeneratedBy '/Game/World.World:PersistentLevel.World'
[2018.05.01-19.24.29:285][214]LogBlueprintUserMessages: Early EndPlayMap Detection: Level '/Game/World.World:PersistentLevel' has LevelScriptBlueprint '/Game/World.World:PersistentLevel.World' with GeneratedClass '/Game/World.World_C' with ClassGeneratedBy '/Game/World.World:PersistentLevel.World'
[2018.05.01-19.24.29:322][214]LogBlueprintUserMessages: Late EndPlayMap Detection: Level '/Game/World.World:PersistentLevel' has LevelScriptBlueprint '/Game/World.World:PersistentLevel.World' with GeneratedClass '/Game/World.World_C' with ClassGeneratedBy '/Game/World.World:PersistentLevel.World'
[2018.05.01-19.24.30:081][303]LogTemp: Repeating last play command: Selected Viewport
[2018.05.01-19.24.30:102][303]LogBlueprintUserMessages: Early PlayInEditor Detection: Level '/Game/World.World:PersistentLevel' has LevelScriptBlueprint '/Game/World.World:PersistentLevel.World' with GeneratedClass '/Game/World.World_C' with ClassGeneratedBy '/Game/World.World:PersistentLevel.World'
[2018.05.01-19.24.30:102][303]LogPlayLevel: PlayLevel: No blueprints needed recompiling
[2018.05.01-19.24.30:103][303]PIE: New page: PIE session: World (1 May 2018 21:24:30)
[2018.05.01-19.24.30:103][303]LogPlayLevel: Creating play world package: /Game/UEDPIE_0_World
[2018.05.01-19.24.30:107][303]LogPlayLevel: PIE: StaticDuplicateObject took: (0.004053s)
[2018.05.01-19.24.30:108][303]LogAIModule: Creating AISystem for world World
[2018.05.01-19.24.30:108][303]LogPlayLevel: PIE: World Init took: (0.000857s)
[2018.05.01-19.24.30:109][303]LogPlayLevel: PIE: Created PIE world by copying editor world from /Game/World.World to /Game/UEDPIE_0_World.World (0.005784s)
[2018.05.01-19.24.30:129][303]LogInit: XAudio2 using 'Speakers (EDIFIER e3350 Stereo)' : 2 channels at 44.1 kHz using 16 bits per sample (channel mask 0x3)
[2018.05.01-19.24.30:137][303]LogInit: FAudioDevice initialized.
[2018.05.01-19.24.30:174][303]LogLoad: Game class is 'GameModeBase'
[2018.05.01-19.24.30:175][303]LogWorld: Bringing World /Game/UEDPIE_0_World.World up for play (max tick rate 0) at 2018.05.01-20.24.30
[2018.05.01-19.24.30:176][303]LogWorld: Bringing up level for play took: 0.001489
[2018.05.01-19.24.30:177][303]LogTemp: Parsed the urdf file
[2018.05.01-19.24.30:177][303]LogTemp: Robot is called: robot
[2018.05.01-19.24.30:177][303]LogTemp: Constructed the kdl tree
[2018.05.01-19.24.30:178][303]LogTemp: Number of segments in tree is: 4
[2018.05.01-19.24.30:180][303]PIE: Play in editor start time for /Game/UEDPIE_0_World 0.151
[2018.05.01-19.24.30:181][303]LogBlueprintUserMessages: Late PlayInEditor Detection: Level '/Game/World.World:PersistentLevel' has LevelScriptBlueprint '/Game/World.World:PersistentLevel.World' with GeneratedClass '/Game/World.World_C' with ClassGeneratedBy '/Game/World.World:PersistentLevel.World'
[2018.05.01-19.24.30:627][354]LogBlueprintUserMessages: Early EndPlayMap Detection: Level '/Game/World.World:PersistentLevel' has LevelScriptBlueprint '/Game/World.World:PersistentLevel.World' with GeneratedClass '/Game/World.World_C' with ClassGeneratedBy '/Game/World.World:PersistentLevel.World'
[2018.05.01-19.24.30:662][354]LogBlueprintUserMessages: Late EndPlayMap Detection: Level '/Game/World.World:PersistentLevel' has LevelScriptBlueprint '/Game/World.World:PersistentLevel.World' with GeneratedClass '/Game/World.World_C' with ClassGeneratedBy '/Game/World.World:PersistentLevel.World'
[2018.05.01-19.24.31:164][412]LogTemp: Repeating last play command: Selected Viewport
[2018.05.01-19.24.31:184][412]LogBlueprintUserMessages: Early PlayInEditor Detection: Level '/Game/World.World:PersistentLevel' has LevelScriptBlueprint '/Game/World.World:PersistentLevel.World' with GeneratedClass '/Game/World.World_C' with ClassGeneratedBy '/Game/World.World:PersistentLevel.World'
[2018.05.01-19.24.31:185][412]LogPlayLevel: PlayLevel: No blueprints needed recompiling
[2018.05.01-19.24.31:185][412]PIE: New page: PIE session: World (1 May 2018 21:24:31)
[2018.05.01-19.24.31:186][412]LogPlayLevel: Creating play world package: /Game/UEDPIE_0_World
[2018.05.01-19.24.31:190][412]LogPlayLevel: PIE: StaticDuplicateObject took: (0.004096s)
[2018.05.01-19.24.31:191][412]LogAIModule: Creating AISystem for world World
[2018.05.01-19.24.31:191][412]LogPlayLevel: PIE: World Init took: (0.001012s)
[2018.05.01-19.24.31:191][412]LogPlayLevel: PIE: Created PIE world by copying editor world from /Game/World.World to /Game/UEDPIE_0_World.World (0.005875s)
[2018.05.01-19.24.31:213][412]LogInit: XAudio2 using 'Speakers (EDIFIER e3350 Stereo)' : 2 channels at 44.1 kHz using 16 bits per sample (channel mask 0x3)
[2018.05.01-19.24.31:220][412]LogInit: FAudioDevice initialized.
[2018.05.01-19.24.31:253][412]LogLoad: Game class is 'GameModeBase'
[2018.05.01-19.24.31:255][412]LogWorld: Bringing World /Game/UEDPIE_0_World.World up for play (max tick rate 0) at 2018.05.01-20.24.31
[2018.05.01-19.24.31:256][412]LogWorld: Bringing up level for play took: 0.001519
[2018.05.01-19.24.31:257][412]LogTemp: Parsed the urdf file
[2018.05.01-19.24.31:257][412]LogTemp: Robot is called: robot
[2018.05.01-19.24.31:257][412]LogTemp: Constructed the kdl tree
[2018.05.01-19.24.31:257][412]LogTemp: Number of segments in tree is: 4
[2018.05.01-19.24.31:260][412]PIE: Play in editor start time for /Game/UEDPIE_0_World -0.769
[2018.05.01-19.24.31:260][412]LogBlueprintUserMessages: Late PlayInEditor Detection: Level '/Game/World.World:PersistentLevel' has LevelScriptBlueprint '/Game/World.World:PersistentLevel.World' with GeneratedClass '/Game/World.World_C' with ClassGeneratedBy '/Game/World.World:PersistentLevel.World'
[2018.05.01-19.24.31:591][449]LogBlueprintUserMessages: Early EndPlayMap Detection: Level '/Game/World.World:PersistentLevel' has LevelScriptBlueprint '/Game/World.World:PersistentLevel.World' with GeneratedClass '/Game/World.World_C' with ClassGeneratedBy '/Game/World.World:PersistentLevel.World'
[2018.05.01-19.24.31:628][449]LogBlueprintUserMessages: Late EndPlayMap Detection: Level '/Game/World.World:PersistentLevel' has LevelScriptBlueprint '/Game/World.World:PersistentLevel.World' with GeneratedClass '/Game/World.World_C' with ClassGeneratedBy '/Game/World.World:PersistentLevel.World'
[2018.05.01-19.24.32:047][497]LogTemp: Repeating last play command: Selected Viewport
[2018.05.01-19.24.32:066][497]LogBlueprintUserMessages: Early PlayInEditor Detection: Level '/Game/World.World:PersistentLevel' has LevelScriptBlueprint '/Game/World.World:PersistentLevel.World' with GeneratedClass '/Game/World.World_C' with ClassGeneratedBy '/Game/World.World:PersistentLevel.World'
[2018.05.01-19.24.32:067][497]LogPlayLevel: PlayLevel: No blueprints needed recompiling
[2018.05.01-19.24.32:067][497]PIE: New page: PIE session: World (1 May 2018 21:24:32)
[2018.05.01-19.24.32:068][497]LogPlayLevel: Creating play world package: /Game/UEDPIE_0_World
[2018.05.01-19.24.32:072][497]LogPlayLevel: PIE: StaticDuplicateObject took: (0.003829s)
[2018.05.01-19.24.32:072][497]LogAIModule: Creating AISystem for world World
[2018.05.01-19.24.32:073][497]LogPlayLevel: PIE: World Init took: (0.000903s)
[2018.05.01-19.24.32:073][497]LogPlayLevel: PIE: Created PIE world by copying editor world from /Game/World.World to /Game/UEDPIE_0_World.World (0.005439s)
[2018.05.01-19.24.32:093][497]LogInit: XAudio2 using 'Speakers (EDIFIER e3350 Stereo)' : 2 channels at 44.1 kHz using 16 bits per sample (channel mask 0x3)
[2018.05.01-19.24.32:100][497]LogInit: FAudioDevice initialized.
[2018.05.01-19.24.32:134][497]LogLoad: Game class is 'GameModeBase'
[2018.05.01-19.24.32:135][497]LogWorld: Bringing World /Game/UEDPIE_0_World.World up for play (max tick rate 0) at 2018.05.01-20.24.32
[2018.05.01-19.24.32:136][497]LogWorld: Bringing up level for play took: 0.001460
[2018.05.01-19.24.32:137][497]LogTemp: Parsed the urdf file
[2018.05.01-19.24.32:137][497]LogTemp: Robot is called: robot
[2018.05.01-19.24.32:137][497]LogTemp: Constructed the kdl tree
[2018.05.01-19.24.32:138][497]LogTemp: Number of segments in tree is: 4
[2018.05.01-19.24.32:141][497]PIE: Play in editor start time for /Game/UEDPIE_0_World 0.111
[2018.05.01-19.24.32:141][497]LogBlueprintUserMessages: Late PlayInEditor Detection: Level '/Game/World.World:PersistentLevel' has LevelScriptBlueprint '/Game/World.World:PersistentLevel.World' with GeneratedClass '/Game/World.World_C' with ClassGeneratedBy '/Game/World.World:PersistentLevel.World'
[2018.05.01-19.24.32:606][550]LogBlueprintUserMessages: Early EndPlayMap Detection: Level '/Game/World.World:PersistentLevel' has LevelScriptBlueprint '/Game/World.World:PersistentLevel.World' with GeneratedClass '/Game/World.World_C' with ClassGeneratedBy '/Game/World.World:PersistentLevel.World'
[2018.05.01-19.24.32:644][550]LogBlueprintUserMessages: Late EndPlayMap Detection: Level '/Game/World.World:PersistentLevel' has LevelScriptBlueprint '/Game/World.World:PersistentLevel.World' with GeneratedClass '/Game/World.World_C' with ClassGeneratedBy '/Game/World.World:PersistentLevel.World'
[2018.05.01-19.24.35:877][918]LogSlate: Took 0.000197 seconds to synchronously load lazily loaded font '../../../Engine/Content/Slate/Fonts/Roboto-Light.ttf' (167K)
[2018.05.01-19.24.35:948][918]Cmd: OBJ SAVEPACKAGE PACKAGE="/Game/World" FILE="../../../../../../Users/Brad/Documents/GitHub/Research-Project/Development/Content/World.umap" SILENT=true AUTOSAVING=false KEEPDIRTY=false
[2018.05.01-19.24.36:105][918]LogSavePackage: Save=112.95ms
[2018.05.01-19.24.36:106][918]LogSavePackage: Moving '../../../../../../Users/Brad/Documents/GitHub/Research-Project/Development/Saved/World6B3EC1A34731727799DA179912731282.tmp' to '../../../../../../Users/Brad/Documents/GitHub/Research-Project/Development/Content/World.umap'
[2018.05.01-19.24.36:109][918]LogSavePackage: Display: Finished SavePackage ../../../../../../Users/Brad/Documents/GitHub/Research-Project/Development/Content/World.umap
[2018.05.01-19.24.36:145][918]LogFileHelpers: Saving map 'World' took 0.260
