Log file open, 05/01/18 19:31:26
LogWindows: Failed to load 'aqProf.dll' (GetLastError=126)
LogWindows: File 'aqProf.dll' does not exist
LogWindows: Failed to load 'VtuneApi.dll' (GetLastError=126)
LogWindows: File 'VtuneApi.dll' does not exist
LogWindows: Failed to load 'VtuneApi32e.dll' (GetLastError=126)
LogWindows: File 'VtuneApi32e.dll' does not exist
LogInit: Display: Running engine for game: Development
LogPlatformFile: Not using cached read wrapper
LogInit: Display: RandInit(-1172108302) SRandInit(-1172108302).
LogInit: Read version file with build ID '3944462'
LogInit: Overriding engine version to CL 3989454, compatible CL 3944462
LogInit: Registered custom module enumerator with build ID '3944462'
LogTaskGraph: Started task graph with 5 named threads and 35 total threads with 3 sets of task threads.
LogStats: Stats thread started at 0.407238
LogD3D11RHI: Aftermath initialized
LogICUInternationalization: Display: ICU TimeZone Detection - Raw Offset: +0:00, Platform Override: ''
LogModuleManager: Display: Found up-to-date module file ../../../Engine/Plugins/2D/Paper2D/Binaries/Win64/UE4Editor-Paper2D.dll (API version 3944462).
LogModuleManager: Display: Found up-to-date module file ../../../Engine/Plugins/2D/Paper2D/Binaries/Win64/UE4Editor-Paper2DEditor.dll (API version 3944462).
LogModuleManager: Display: Found up-to-date module file ../../../Engine/Plugins/2D/Paper2D/Binaries/Win64/UE4Editor-PaperSpriteSheetImporter.dll (API version 3944462).
LogModuleManager: Display: Found up-to-date module file ../../../Engine/Plugins/2D/Paper2D/Binaries/Win64/UE4Editor-PaperTiledImporter.dll (API version 3944462).
LogModuleManager: Display: Found up-to-date module file ../../../Engine/Plugins/2D/Paper2D/Binaries/Win64/UE4Editor-SmartSnapping.dll (API version 3944462).
LogModuleManager: Display: Found up-to-date module file ../../../Engine/Plugins/Blendables/LightPropagationVolume/Binaries/Win64/UE4Editor-LightPropagationVolumeRuntime.dll (API version 3944462).
LogModuleManager: Display: Found up-to-date module file ../../../Engine/Plugins/Blendables/LightPropagationVolume/Binaries/Win64/UE4Editor-LightPropagationVolumeEditor.dll (API version 3944462).
LogModuleManager: Display: Found up-to-date module file ../../../Engine/Plugins/Developer/CLionSourceCodeAccess/Binaries/Win64/UE4Editor-CLionSourceCodeAccess.dll (API version 3944462).
LogModuleManager: Display: Found up-to-date module file ../../../Engine/Plugins/Developer/GitSourceControl/Binaries/Win64/UE4Editor-GitSourceControl.dll (API version 3944462).
LogModuleManager: Display: Found up-to-date module file ../../../Engine/Plugins/Developer/PerforceSourceControl/Binaries/Win64/UE4Editor-PerforceSourceControl.dll (API version 3944462).
LogModuleManager: Display: Found up-to-date module file ../../../Engine/Plugins/Developer/SubversionSourceControl/Binaries/Win64/UE4Editor-SubversionSourceControl.dll (API version 3944462).
LogModuleManager: Display: Found up-to-date module file ../../../Engine/Plugins/Developer/UObjectPlugin/Binaries/Win64/UE4Editor-UObjectPlugin.dll (API version 3944462).
LogModuleManager: Display: Found up-to-date module file ../../../Engine/Plugins/Developer/VisualStudioCodeSourceCodeAccess/Binaries/Win64/UE4Editor-VisualStudioCodeSourceCodeAccess.dll (API version 3944462).
LogModuleManager: Display: Found up-to-date module file ../../../Engine/Plugins/Developer/VisualStudioSourceCodeAccess/Binaries/Win64/UE4Editor-VisualStudioSourceCodeAccess.dll (API version 3944462).
LogModuleManager: Display: Found up-to-date module file ../../../Engine/Plugins/Editor/AssetManagerEditor/Binaries/Win64/UE4Editor-AssetManagerEditor.dll (API version 3944462).
LogModuleManager: Display: Found up-to-date module file ../../../Engine/Plugins/Editor/CryptoKeys/Binaries/Win64/UE4Editor-CryptoKeys.dll (API version 3944462).
LogModuleManager: Display: Found up-to-date module file ../../../Engine/Plugins/Editor/CryptoKeys/Binaries/Win64/UE4Editor-CryptoKeysOpenSSL.dll (API version 3944462).
LogModuleManager: Display: Found up-to-date module file ../../../Engine/Plugins/Editor/DataValidation/Binaries/Win64/UE4Editor-DataValidation.dll (API version 3944462).
LogModuleManager: Display: Found up-to-date module file ../../../Engine/Plugins/Editor/FacialAnimation/Binaries/Win64/UE4Editor-FacialAnimation.dll (API version 3944462).
LogModuleManager: Display: Found up-to-date module file ../../../Engine/Plugins/Editor/FacialAnimation/Binaries/Win64/UE4Editor-FacialAnimationEditor.dll (API version 3944462).
LogModuleManager: Display: Found up-to-date module file ../../../Engine/Plugins/Editor/GameplayTagsEditor/Binaries/Win64/UE4Editor-GameplayTagsEditor.dll (API version 3944462).
LogModuleManager: Display: Found up-to-date module file ../../../Engine/Plugins/Editor/MobileLauncherProfileWizard/Binaries/Win64/UE4Editor-MobileLauncherProfileWizard.dll (API version 3944462).
LogModuleManager: Display: Found up-to-date module file ../../../Engine/Plugins/Editor/PluginBrowser/Binaries/Win64/UE4Editor-PluginBrowser.dll (API version 3944462).
LogModuleManager: Display: Found up-to-date module file ../../../Engine/Plugins/Editor/SpeedTreeImporter/Binaries/Win64/UE4Editor-SpeedTreeImporter.dll (API version 3944462).
LogModuleManager: Display: Found up-to-date module file ../../../Engine/Plugins/Enterprise/DatasmithContent/Binaries/Win64/UE4Editor-DatasmithContent.dll (API version 3944462).
LogModuleManager: Display: Found up-to-date module file ../../../Engine/Plugins/Experimental/AlembicImporter/Binaries/Win64/UE4Editor-AlembicImporter.dll (API version 3944462).
LogModuleManager: Display: Found up-to-date module file ../../../Engine/Plugins/Experimental/AlembicImporter/Binaries/Win64/UE4Editor-AlembicLibrary.dll (API version 3944462).
LogModuleManager: Display: Found up-to-date module file ../../../Engine/Plugins/Experimental/CharacterAI/Binaries/Win64/UE4Editor-CharacterAI.dll (API version 3944462).
LogModuleManager: Display: Found up-to-date module file ../../../Engine/Plugins/Experimental/HTML5Networking/Binaries/Win64/UE4Editor-HTML5Networking.dll (API version 3944462).
LogModuleManager: Display: Found up-to-date module file ../../../Engine/Plugins/Media/AndroidMedia/Binaries/Win64/UE4Editor-AndroidMediaEditor.dll (API version 3944462).
LogModuleManager: Display: Found up-to-date module file ../../../Engine/Plugins/Media/AndroidMedia/Binaries/Win64/UE4Editor-AndroidMediaFactory.dll (API version 3944462).
LogModuleManager: Display: Found up-to-date module file ../../../Engine/Plugins/Media/AvfMedia/Binaries/Win64/UE4Editor-AvfMediaEditor.dll (API version 3944462).
LogModuleManager: Display: Found up-to-date module file ../../../Engine/Plugins/Media/AvfMedia/Binaries/Win64/UE4Editor-AvfMediaFactory.dll (API version 3944462).
LogModuleManager: Display: Found up-to-date module file ../../../Engine/Plugins/Media/AvfMedia/Binaries/Win64/UE4Editor-AvfMediaFactory.dll (API version 3944462).
LogModuleManager: Display: Found up-to-date module file ../../../Engine/Plugins/Media/ImgMedia/Binaries/Win64/UE4Editor-ImgMedia.dll (API version 3944462).
LogModuleManager: Display: Found up-to-date module file ../../../Engine/Plugins/Media/ImgMedia/Binaries/Win64/UE4Editor-ImgMediaEditor.dll (API version 3944462).
LogModuleManager: Display: Found up-to-date module file ../../../Engine/Plugins/Media/ImgMedia/Binaries/Win64/UE4Editor-ImgMediaFactory.dll (API version 3944462).
LogModuleManager: Display: Found up-to-date module file ../../../Engine/Plugins/Media/ImgMedia/Binaries/Win64/UE4Editor-ImgMediaFactory.dll (API version 3944462).
LogModuleManager: Display: Found up-to-date module file ../../../Engine/Plugins/Media/ImgMedia/Binaries/Win64/UE4Editor-OpenExrWrapper.dll (API version 3944462).
LogModuleManager: Display: Found up-to-date module file ../../../Engine/Plugins/Media/LinearTimecode/Binaries/Win64/UE4Editor-LinearTimecode.dll (API version 3944462).
LogModuleManager: Display: Found up-to-date module file ../../../Engine/Plugins/Media/MediaCompositing/Binaries/Win64/UE4Editor-MediaCompositing.dll (API version 3944462).
LogModuleManager: Display: Found up-to-date module file ../../../Engine/Plugins/Media/MediaCompositing/Binaries/Win64/UE4Editor-MediaCompositingEditor.dll (API version 3944462).
LogModuleManager: Display: Found up-to-date module file ../../../Engine/Plugins/Media/MediaPlayerEditor/Binaries/Win64/UE4Editor-MediaPlayerEditor.dll (API version 3944462).
LogModuleManager: Display: Found up-to-date module file ../../../Engine/Plugins/Media/WmfMedia/Binaries/Win64/UE4Editor-WmfMedia.dll (API version 3944462).
LogModuleManager: Display: Found up-to-date module file ../../../Engine/Plugins/Media/WmfMedia/Binaries/Win64/UE4Editor-WmfMediaEditor.dll (API version 3944462).
LogModuleManager: Display: Found up-to-date module file ../../../Engine/Plugins/Media/WmfMedia/Binaries/Win64/UE4Editor-WmfMediaFactory.dll (API version 3944462).
LogModuleManager: Display: Found up-to-date module file ../../../Engine/Plugins/Media/WmfMedia/Binaries/Win64/UE4Editor-WmfMediaFactory.dll (API version 3944462).
LogModuleManager: Display: Found up-to-date module file ../../../Engine/Plugins/Messaging/TcpMessaging/Binaries/Win64/UE4Editor-TcpMessaging.dll (API version 3944462).
LogModuleManager: Display: Found up-to-date module file ../../../Engine/Plugins/Messaging/UdpMessaging/Binaries/Win64/UE4Editor-UdpMessaging.dll (API version 3944462).
LogModuleManager: Display: Found up-to-date module file ../../../Engine/Plugins/MovieScene/ActorSequence/Binaries/Win64/UE4Editor-ActorSequence.dll (API version 3944462).
LogModuleManager: Display: Found up-to-date module file ../../../Engine/Plugins/MovieScene/LevelSequenceEditor/Binaries/Win64/UE4Editor-LevelSequenceEditor.dll (API version 3944462).
LogModuleManager: Display: Found up-to-date module file ../../../Engine/Plugins/MovieScene/MatineeToLevelSequence/Binaries/Win64/UE4Editor-MatineeToLevelSequence.dll (API version 3944462).
LogModuleManager: Display: Found up-to-date module file ../../../Engine/Plugins/NetcodeUnitTest/NetcodeUnitTest/Binaries/Win64/UE4Editor-NetcodeUnitTest.dll (API version 3944462).
LogModuleManager: Display: Found up-to-date module file ../../../Engine/Plugins/NetcodeUnitTest/NUTUnrealEngine4/Binaries/Win64/UE4Editor-NUTUnrealEngine4.dll (API version 3944462).
LogModuleManager: Display: Found up-to-date module file ../../../Engine/Plugins/Online/OnlineSubsystem/Binaries/Win64/UE4Editor-OnlineSubsystem.dll (API version 3944462).
LogModuleManager: Display: Found up-to-date module file ../../../Engine/Plugins/Runtime/AndroidPermission/Binaries/Win64/UE4Editor-AndroidPermission.dll (API version 3944462).
LogModuleManager: Display: Found up-to-date module file ../../../Engine/Plugins/Online/OnlineSubsystemNull/Binaries/Win64/UE4Editor-OnlineSubsystemNull.dll (API version 3944462).
LogModuleManager: Display: Found up-to-date module file ../../../Engine/Plugins/Online/OnlineSubsystemUtils/Binaries/Win64/UE4Editor-OnlineSubsystemUtils.dll (API version 3944462).
LogModuleManager: Display: Found up-to-date module file ../../../Engine/Plugins/Online/OnlineSubsystemUtils/Binaries/Win64/UE4Editor-OnlineBlueprintSupport.dll (API version 3944462).
LogModuleManager: Display: Found up-to-date module file ../../../Engine/Plugins/Runtime/AndroidDeviceProfileSelector/Binaries/Win64/UE4Editor-AndroidDeviceProfileSelector.dll (API version 3944462).
LogModuleManager: Display: Found up-to-date module file ../../../Engine/Plugins/Runtime/AppleARKit/Binaries/Win64/UE4Editor-AppleARKit.dll (API version 3944462).
LogModuleManager: Display: Found up-to-date module file ../../../Engine/Plugins/Runtime/ProceduralMeshComponent/Binaries/Win64/UE4Editor-ProceduralMeshComponent.dll (API version 3944462).
LogModuleManager: Display: Found up-to-date module file ../../../Engine/Plugins/Runtime/ProceduralMeshComponent/Binaries/Win64/UE4Editor-ProceduralMeshComponentEditor.dll (API version 3944462).
LogModuleManager: Display: Found up-to-date module file ../../../Engine/Plugins/Animation/LiveLink/Binaries/Win64/UE4Editor-LiveLink.dll (API version 3944462).
LogModuleManager: Display: Found up-to-date module file ../../../Engine/Plugins/Animation/LiveLink/Binaries/Win64/UE4Editor-LiveLinkEditor.dll (API version 3944462).
LogModuleManager: Display: Found up-to-date module file ../../../Engine/Plugins/Runtime/ArchVisCharacter/Binaries/Win64/UE4Editor-ArchVisCharacter.dll (API version 3944462).
LogModuleManager: Display: Found up-to-date module file ../../../Engine/Plugins/Runtime/AudioCapture/Binaries/Win64/UE4Editor-AudioCapture.dll (API version 3944462).
LogModuleManager: Display: Found up-to-date module file ../../../Engine/Plugins/Runtime/AudioCapture/Binaries/Win64/UE4Editor-AudioCaptureEditor.dll (API version 3944462).
LogModuleManager: Display: Found up-to-date module file ../../../Engine/Plugins/Runtime/CableComponent/Binaries/Win64/UE4Editor-CableComponent.dll (API version 3944462).
LogModuleManager: Display: Found up-to-date module file ../../../Engine/Plugins/Runtime/CustomMeshComponent/Binaries/Win64/UE4Editor-CustomMeshComponent.dll (API version 3944462).
LogModuleManager: Display: Found up-to-date module file ../../../Engine/Plugins/Runtime/ExampleDeviceProfileSelector/Binaries/Win64/UE4Editor-ExampleDeviceProfileSelector.dll (API version 3944462).
LogModuleManager: Display: Found up-to-date module file ../../../Engine/Plugins/Runtime/ImmediatePhysics/Binaries/Win64/UE4Editor-ImmediatePhysics.dll (API version 3944462).
LogModuleManager: Display: Found up-to-date module file ../../../Engine/Plugins/Runtime/ImmediatePhysics/Binaries/Win64/UE4Editor-ImmediatePhysicsEditor.dll (API version 3944462).
LogModuleManager: Display: Found up-to-date module file ../../../Engine/Plugins/Runtime/LocationServicesBPLibrary/Binaries/Win64/UE4Editor-LocationServicesBPLibrary.dll (API version 3944462).
LogModuleManager: Display: Found up-to-date module file ../../../Engine/Plugins/Runtime/MobilePatchingUtils/Binaries/Win64/UE4Editor-MobilePatchingUtils.dll (API version 3944462).
LogModuleManager: Display: Found up-to-date module file ../../../Engine/Plugins/Runtime/Oculus/OculusVR/Binaries/Win64/UE4Editor-OculusHMD.dll (API version 3944462).
LogModuleManager: Display: Found up-to-date module file ../../../Engine/Plugins/Runtime/Oculus/OculusVR/Binaries/Win64/UE4Editor-OculusInput.dll (API version 3944462).
LogModuleManager: Display: Found up-to-date module file ../../../Engine/Plugins/Runtime/Oculus/OculusVR/Binaries/Win64/UE4Editor-OculusEditor.dll (API version 3944462).
LogModuleManager: Display: Found up-to-date module file ../../../Engine/Plugins/Runtime/PhysXVehicles/Binaries/Win64/UE4Editor-PhysXVehicles.dll (API version 3944462).
LogModuleManager: Display: Found up-to-date module file ../../../Engine/Plugins/Runtime/PhysXVehicles/Binaries/Win64/UE4Editor-PhysXVehiclesEditor.dll (API version 3944462).
LogModuleManager: Display: Found up-to-date module file ../../../Engine/Plugins/Runtime/RuntimePhysXCooking/Binaries/Win64/UE4Editor-RuntimePhysXCooking.dll (API version 3944462).
LogModuleManager: Display: Found up-to-date module file ../../../Engine/Plugins/Runtime/Steam/SteamVR/Binaries/Win64/UE4Editor-SteamVR.dll (API version 3944462).
LogModuleManager: Display: Found up-to-date module file ../../../Engine/Plugins/Runtime/Steam/SteamVR/Binaries/Win64/UE4Editor-SteamVRController.dll (API version 3944462).
LogModuleManager: Display: Found up-to-date module file ../../../Engine/Plugins/Runtime/WindowsMoviePlayer/Binaries/Win64/UE4Editor-WindowsMoviePlayer.dll (API version 3944462).
LogPluginManager: Mounting plugin Paper2D
LogPluginManager: Mounting plugin LiveLink
LogPluginManager: Mounting plugin LightPropagationVolume
LogPluginManager: Mounting plugin CLionSourceCodeAccess
LogPluginManager: Mounting plugin CodeLiteSourceCodeAccess
LogPluginManager: Mounting plugin GitSourceControl
LogPluginManager: Mounting plugin KDevelopSourceCodeAccess
LogPluginManager: Mounting plugin NullSourceCodeAccess
LogPluginManager: Mounting plugin PerforceSourceControl
LogPluginManager: Mounting plugin SubversionSourceControl
LogPluginManager: Mounting plugin UObjectPlugin
LogPluginManager: Mounting plugin VisualStudioCodeSourceCodeAccess
LogPluginManager: Mounting plugin VisualStudioSourceCodeAccess
LogPluginManager: Mounting plugin XCodeSourceCodeAccess
LogPluginManager: Mounting plugin AssetManagerEditor
LogPluginManager: Mounting plugin CryptoKeys
LogPluginManager: Mounting plugin DataValidation
LogPluginManager: Mounting plugin FacialAnimation
LogPluginManager: Mounting plugin GameplayTagsEditor
LogPluginManager: Mounting plugin MobileLauncherProfileWizard
LogPluginManager: Mounting plugin PluginBrowser
LogPluginManager: Mounting plugin SpeedTreeImporter
LogPluginManager: Mounting plugin DatasmithContent
LogPluginManager: Mounting plugin AlembicImporter
LogPluginManager: Mounting plugin CharacterAI
LogPluginManager: Mounting plugin HTML5Networking
LogPluginManager: Mounting plugin AndroidMedia
LogPluginManager: Mounting plugin AvfMedia
LogPluginManager: Mounting plugin ImgMedia
LogPluginManager: Mounting plugin LinearTimecode
LogPluginManager: Mounting plugin MediaCompositing
LogPluginManager: Mounting plugin MediaPlayerEditor
LogPluginManager: Mounting plugin WmfMedia
LogPluginManager: Mounting plugin TcpMessaging
LogPluginManager: Mounting plugin UdpMessaging
LogPluginManager: Mounting plugin ActorSequence
LogPluginManager: Mounting plugin LevelSequenceEditor
LogPluginManager: Mounting plugin MatineeToLevelSequence
LogPluginManager: Mounting plugin NetcodeUnitTest
LogPluginManager: Mounting plugin NUTUnrealEngine4
LogPluginManager: Mounting plugin OnlineSubsystemGooglePlay
LogPluginManager: Mounting plugin OnlineSubsystemIOS
LogPluginManager: Mounting plugin OnlineSubsystem
LogPluginManager: Mounting plugin OnlineSubsystemNull
LogPluginManager: Mounting plugin OnlineSubsystemUtils
LogPluginManager: Mounting plugin AndroidDeviceProfileSelector
LogPluginManager: Mounting plugin AndroidMoviePlayer
LogPluginManager: Mounting plugin AndroidPermission
LogPluginManager: Mounting plugin AppleARKit
LogPluginManager: Mounting plugin AppleMoviePlayer
LogPluginManager: Mounting plugin ArchVisCharacter
LogPluginManager: Mounting plugin AudioCapture
LogPluginManager: Mounting plugin CableComponent
LogPluginManager: Mounting plugin CustomMeshComponent
LogPluginManager: Mounting plugin ExampleDeviceProfileSelector
LogPluginManager: Mounting plugin GoogleCloudMessaging
LogPluginManager: Mounting plugin ImmediatePhysics
LogPluginManager: Mounting plugin IOSDeviceProfileSelector
LogPluginManager: Mounting plugin LinuxDeviceProfileSelector
LogPluginManager: Mounting plugin LocationServicesBPLibrary
LogPluginManager: Mounting plugin MobilePatchingUtils
LogPluginManager: Mounting plugin OculusVR
LogPluginManager: Plugin shader directory ../../../Engine/Plugins/Runtime/Oculus/OculusVR/Shaders found
LogPluginManager: Mapping shader source directory ../../../Engine/Plugins/Runtime/Oculus/OculusVR/Shaders to virtual directory /Plugin/OculusVR
LogPluginManager: Mounting plugin PhysXVehicles
LogPluginManager: Mounting plugin ProceduralMeshComponent
LogPluginManager: Mounting plugin RuntimePhysXCooking
LogPluginManager: Mounting plugin SteamVR
LogPluginManager: Mounting plugin WindowsMoviePlayer
LogStreaming: Display: Took  1.245s to configure plugins.
LogInit: Using libcurl 7.47.1
LogInit:  - built for x86_64-pc-win32
LogInit:  - supports SSL with OpenSSL/1.0.2g
LogInit:  - supports HTTP deflate (compression) using libz 1.2.8
LogInit:  - other features:
LogInit:      CURL_VERSION_SSL
LogInit:      CURL_VERSION_LIBZ
LogInit:      CURL_VERSION_IPV6
LogInit:      CURL_VERSION_ASYNCHDNS
LogInit:      CURL_VERSION_LARGEFILE
LogInit:      CURL_VERSION_IDN
LogInit:  CurlRequestOptions (configurable via config and command line):
LogInit:  - bVerifyPeer = false  - Libcurl will NOT verify peer certificate
LogInit:  - bUseHttpProxy = false  - Libcurl will NOT use HTTP proxy
LogInit:  - bDontReuseConnections = false  - Libcurl will reuse connections
LogInit:  - CertBundlePath = nullptr  - Libcurl will use whatever was configured at build time.
LogInit:  - MaxHostConnections = 16  - Libcurl will limit the number of connections to a host
LogInit:  - LocalHostAddr = Default
LogInit: WinSock: version 1.1 (2.2), MaxSocks=32767, MaxUdp=65467
LogInit: WinSock: I am Evolv (192.168.56.1:0)
LogInit: Build: ++UE4+Release-4.19-CL-3989454
LogInit: Engine Version: 4.19.1-3989454+++UE4+Release-4.19
LogInit: Compatible Engine Version: 4.19.0-3944462+++UE4+Release-4.19
LogInit: Net CL: 3944462
LogDevObjectVersion: Number of dev versions registered: 18
LogDevObjectVersion:   Dev-Blueprints (B0D832E4-1F89-4F0D-ACCF-7EB736FD4AA2): 10
LogDevObjectVersion:   Dev-Build (E1C64328-A22C-4D53-A36C-8E866417BD8C): 0
LogDevObjectVersion:   Dev-Core (375EC13C-06E4-48FB-B500-84F0262A717E): 2
LogDevObjectVersion:   Dev-Editor (E4B068ED-F494-42E9-A231-DA0B2E46BB41): 23
LogDevObjectVersion:   Dev-Framework (CFFC743F-43B0-4480-9391-14DF171D2073): 33
LogDevObjectVersion:   Dev-Mobile (B02B49B5-BB20-44E9-A304-32B752E40360): 2
LogDevObjectVersion:   Dev-Networking (A4E4105C-59A1-49B5-A7C5-40C4547EDFEE): 0
LogDevObjectVersion:   Dev-Online (39C831C9-5AE6-47DC-9A44-9C173E1C8E7C): 0
LogDevObjectVersion:   Dev-Physics (78F01B33-EBEA-4F98-B9B4-84EACCB95AA2): 0
LogDevObjectVersion:   Dev-Platform (6631380F-2D4D-43E0-8009-CF276956A95A): 0
LogDevObjectVersion:   Dev-Rendering (12F88B9F-8875-4AFC-A67C-D90C383ABD29): 25
LogDevObjectVersion:   Dev-Sequencer (7B5AE74C-D270-4C10-A958-57980B212A5A): 6
LogDevObjectVersion:   Dev-VR (D7296918-1DD6-4BDD-9DE2-64A83CC13884): 1
LogDevObjectVersion:   Dev-LoadTimes (C2A15278-BFE7-4AFE-6C17-90FF531DF755): 1
LogDevObjectVersion:   Private-Geometry (6EACA3D4-40EC-4CC1-B786-8BED09428FC5): 2
LogDevObjectVersion:   Dev-AnimPhys (29E575DD-E0A3-4627-9D10-D276232CDCEA): 16
LogDevObjectVersion:   Dev-ReflectionCapture (6B266CEC-1EC7-4B8F-A30B-E4D90942FC07): 1
LogDevObjectVersion:   Dev-Automation (0DF73D61-A23F-47EA-B727-89E90C41499A): 1
LogInit: Compiled (64-bit): Apr  6 2018 12:26:04
LogInit: Compiled with Visual C++: 19.00.24215.01
LogInit: Build Configuration: Development
LogInit: Branch Name: ++UE4+Release-4.19
LogInit: Command Line:  
LogInit: Base Directory: C:/Program Files/Epic Games/UE_4.19/Engine/Binaries/Win64/
LogInit: Installed Engine Build: 1
LogStreaming: Display: Took  0.000s to delete old logs.
LogInit: Presizing for max 8388607 objects, including 0 objects not considered by GC, pre-allocating 0 bytes for permanent pool.
LogInit: Object subsystem initialized
[2018.05.01-18.31.28:305][  0]LogInit: Selected Device Profile: [Windows]
[2018.05.01-18.31.28:305][  0]LogInit: Applying CVar settings loaded from the selected device profile: [Windows]
[2018.05.01-18.31.28:325][  0]LogInit: Computer: EVOLV
[2018.05.01-18.31.28:325][  0]LogInit: User: Brad
[2018.05.01-18.31.28:325][  0]LogInit: CPU Page size=4096, Cores=6
[2018.05.01-18.31.28:325][  0]LogInit: High frequency timer resolution =3.119146 MHz
[2018.05.01-18.31.28:325][  0]LogMemory: Memory total: Physical=15.9GB (16GB approx)
[2018.05.01-18.31.28:325][  0]LogMemory: Platform Memory Stats for Windows
[2018.05.01-18.31.28:325][  0]LogMemory: Process Physical Memory: 276.80 MB used, 276.80 MB peak
[2018.05.01-18.31.28:325][  0]LogMemory: Process Virtual Memory: 271.95 MB used, 271.95 MB peak
[2018.05.01-18.31.28:325][  0]LogMemory: Physical Memory: 7462.39 MB used,  8856.95 MB free, 16319.34 MB total
[2018.05.01-18.31.28:325][  0]LogMemory: Virtual Memory: 714.06 MB used,  8856.95 MB free, 134217728.00 MB total
[2018.05.01-18.31.29:196][  0]LogInit: Using OS detected language (en-GB).
[2018.05.01-18.31.29:196][  0]LogInit: Using OS detected locale (en-GB).
[2018.05.01-18.31.29:199][  0]LogTextLocalizationManager: No specific localization for 'en-GB' exists, so the 'en' localization will be used.
[2018.05.01-18.31.29:663][  0]LogStreaming: Display: Took  0.467s to EndInitTextLocalization.
[2018.05.01-18.31.29:663][  0]LogInit: Setting process to per monitor DPI aware
[2018.05.01-18.31.29:699][  0]LogSlate: New Slate User Created.  User Index 0, Is Virtual User: 0
[2018.05.01-18.31.29:699][  0]LogSlate: Slate User Registered.  User Index 0, Is Virtual User: 0
[2018.05.01-18.31.29:907][  0]LogD3D11RHI: D3D11 adapters:
[2018.05.01-18.31.29:994][  0]LogD3D11RHI:    0. 'NVIDIA GeForce GTX 1060 6GB' (Feature Level 11_0)
[2018.05.01-18.31.29:994][  0]LogD3D11RHI:       6052/0/8159 MB DedicatedVideo/DedicatedSystem/SharedSystem, Outputs:2, VendorId:0x10de
[2018.05.01-18.31.29:996][  0]LogD3D11RHI:    1. 'Microsoft Basic Render Driver' (Feature Level 11_0)
[2018.05.01-18.31.29:996][  0]LogD3D11RHI:       0/0/8159 MB DedicatedVideo/DedicatedSystem/SharedSystem, Outputs:0, VendorId:0x1414
[2018.05.01-18.31.29:996][  0]LogD3D11RHI: Chosen D3D11 Adapter: 0
[2018.05.01-18.31.30:009][  0]LogD3D11RHI: Creating new Direct3DDevice
[2018.05.01-18.31.30:009][  0]LogD3D11RHI:     GPU DeviceId: 0x1c03 (for the marketing name, search the web for "GPU Device Id")
[2018.05.01-18.31.30:010][  0]LogWindows: EnumDisplayDevices:
[2018.05.01-18.31.30:010][  0]LogWindows:    0. 'NVIDIA GeForce GTX 1060 6GB' (P:0 D:1)
[2018.05.01-18.31.30:010][  0]LogWindows:    1. 'NVIDIA GeForce GTX 1060 6GB' (P:1 D:1)
[2018.05.01-18.31.30:010][  0]LogWindows:    2. 'NVIDIA GeForce GTX 1060 6GB' (P:0 D:0)
[2018.05.01-18.31.30:010][  0]LogWindows:    3. 'NVIDIA GeForce GTX 1060 6GB' (P:0 D:0)
[2018.05.01-18.31.30:010][  0]LogWindows: DebugString: GetVideoDriverDetailsInvalid PrimaryIsNotTheChoosenAdapter GetVideoDriverDetailsInvalid PrimaryIsNotTheChoosenAdapter GetVideoDriverDetailsInvalid PrimaryIsNotTheChoosenAdapter GetVideoDriverDetailsInvalid PrimaryIsNotTheChoosenAdapter FoundDriverCount:0 
[2018.05.01-18.31.30:010][  0]LogD3D11RHI:     Adapter Name: NVIDIA GeForce GTX 1060 6GB
[2018.05.01-18.31.30:010][  0]LogD3D11RHI:   Driver Version: Unknown (internal:Unknown, unified:Unknown)
[2018.05.01-18.31.30:010][  0]LogD3D11RHI:      Driver Date: Unknown
[2018.05.01-18.31.30:010][  0]LogRHI: Texture pool is 4236 MB (70% of 6052 MB)
[2018.05.01-18.31.30:060][  0]LogD3D11RHI: [Aftermath] Aftermath enabled and primed
[2018.05.01-18.31.30:060][  0]LogD3D11RHI: Async texture creation enabled
[2018.05.01-18.31.30:139][  0]LogD3D11RHI: GPU Timing Frequency: 1000.000000 (Debug: 2 2)
[2018.05.01-18.31.30:237][  0]LogShaderCompilers: Guid format shader working directory is -30 characters bigger than the processId version (../../../../../../Users/Brad/Documents/GitHub/Research-Project/Development/Intermediate/Shaders/WorkingDirectory/11432/).
[2018.05.01-18.31.30:237][  0]LogShaderCompilers: Cleaned the shader compiler working directory 'C:/Users/Brad/AppData/Local/Temp/UnrealShaderWorkingDir/1B79D2814A363420DE80D5AE96A7623D/'.
[2018.05.01-18.31.30:468][  0]LogTemp: Display: Loaded TP AllDesktopTargetPlatform
[2018.05.01-18.31.30:486][  0]LogTemp: Display: Loaded TP MacClientTargetPlatform
[2018.05.01-18.31.30:505][  0]LogTemp: Display: Loaded TP MacNoEditorTargetPlatform
[2018.05.01-18.31.30:524][  0]LogTemp: Display: Loaded TP MacServerTargetPlatform
[2018.05.01-18.31.30:543][  0]LogTemp: Display: Loaded TP MacTargetPlatform
[2018.05.01-18.31.30:562][  0]LogTemp: Display: Loaded TP WindowsClientTargetPlatform
[2018.05.01-18.31.30:581][  0]LogTemp: Display: Loaded TP WindowsNoEditorTargetPlatform
[2018.05.01-18.31.30:600][  0]LogTemp: Display: Loaded TP WindowsServerTargetPlatform
[2018.05.01-18.31.30:609][  0]LogTemp: Display: Loaded TP WindowsTargetPlatform
[2018.05.01-18.31.30:625][  0]LogTemp: Display: Loaded TP Android_ASTCTargetPlatform
[2018.05.01-18.31.30:642][  0]LogTemp: Display: Loaded TP Android_ATCTargetPlatform
[2018.05.01-18.31.30:658][  0]LogTemp: Display: Loaded TP Android_DXTTargetPlatform
[2018.05.01-18.31.30:675][  0]LogTemp: Display: Loaded TP Android_ETC1aTargetPlatform
[2018.05.01-18.31.30:691][  0]LogTemp: Display: Loaded TP Android_ETC1TargetPlatform
[2018.05.01-18.31.30:708][  0]LogTemp: Display: Loaded TP Android_ETC2TargetPlatform
[2018.05.01-18.31.30:741][  0]LogTemp: Display: Loaded TP Android_MultiTargetPlatform
[2018.05.01-18.31.30:741][  0]LogTemp: Display: Loaded TP Android_PVRTCTargetPlatform
[2018.05.01-18.31.30:759][  0]LogTemp: Display: Loaded TP AndroidTargetPlatform
[2018.05.01-18.31.30:760][  0]LogTemp: Display: Loaded TP HTML5TargetPlatform
[2018.05.01-18.31.30:801][  0]LogTemp: Display: Loaded TP IOSTargetPlatform
[2018.05.01-18.31.30:818][  0]LogTemp: Display: Loaded TP TVOSTargetPlatform
[2018.05.01-18.31.30:834][  0]LogTemp: Display: Loaded TP LinuxClientTargetPlatform
[2018.05.01-18.31.30:851][  0]LogTemp: Display: Loaded TP LinuxNoEditorTargetPlatform
[2018.05.01-18.31.30:867][  0]LogTemp: Display: Loaded TP LinuxServerTargetPlatform
[2018.05.01-18.31.30:885][  0]LogTemp: Display: Loaded TP LinuxTargetPlatform
[2018.05.01-18.31.30:885][  0]LogTargetPlatformManager: Display: Building Assets For Windows
[2018.05.01-18.31.31:020][  0]LogXGEController: Cleaning working directory: C:/Users/Brad/AppData/Local/Temp/UnrealXGEWorkingDir/
[2018.05.01-18.31.31:020][  0]LogXGEController: Cannot use XGE Controller as Incredibuild is not installed on this machine.
[2018.05.01-18.31.31:020][  0]LogShaderCompilers: Cannot use XGE Shader Compiler as Incredibuild is not installed on this machine.
[2018.05.01-18.31.31:020][  0]LogShaderCompilers: Display: Using Local Shader Compiler.
[2018.05.01-18.31.31:775][  0]LogDerivedDataCache: Display: Max Cache Size: 512 MB
[2018.05.01-18.31.31:848][  0]LogDerivedDataCache: Loaded boot cache 0.07s 74MB C:/Users/Brad/AppData/Local/UnrealEngine/4.19/DerivedDataCache/Boot.ddc.
[2018.05.01-18.31.31:849][  0]LogDerivedDataCache: Display: Loaded Boot cache: C:/Users/Brad/AppData/Local/UnrealEngine/4.19/DerivedDataCache/Boot.ddc
[2018.05.01-18.31.31:849][  0]LogDerivedDataCache: FDerivedDataBackendGraph:  Pak pak cache file ../../../../../../Users/Brad/Documents/GitHub/Research-Project/Development/DerivedDataCache/DDC.ddp not found, will not use a pak cache.
[2018.05.01-18.31.31:849][  0]LogDerivedDataCache: Unable to find inner node Pak for hierarchical cache Hierarchy.
[2018.05.01-18.31.31:849][  0]LogDerivedDataCache: FDerivedDataBackendGraph:  CompressedPak pak cache file ../../../../../../Users/Brad/Documents/GitHub/Research-Project/Development/DerivedDataCache/Compressed.ddp not found, will not use a pak cache.
[2018.05.01-18.31.31:849][  0]LogDerivedDataCache: Unable to find inner node CompressedPak for hierarchical cache Hierarchy.
[2018.05.01-18.31.31:869][  0]LogDerivedDataCache: Display: Pak cache opened for reading ../../../Engine/DerivedDataCache/Compressed.ddp.
[2018.05.01-18.31.31:881][  0]LogDerivedDataCache: Using Local data cache path C:/Users/Brad/AppData/Local/UnrealEngine/Common/DerivedDataCache: Writable
[2018.05.01-18.31.31:893][  0]LogMaterial: Verifying Global Shaders for PCD3D_SM5
[2018.05.01-18.31.31:894][  0]LogSlate: Using Freetype 2.6.0
[2018.05.01-18.31.31:894][  0]LogSlate: SlateFontCache - WITH_FREETYPE: 1, WITH_HARFBUZZ: 1
[2018.05.01-18.31.31:894][  0]LogSlate: SlateFontCache - WITH_FREETYPE: 1, WITH_HARFBUZZ: 1
[2018.05.01-18.31.32:033][  0]LogAssetRegistry: FAssetRegistry took 0.0283 seconds to start up
[2018.05.01-18.31.32:396][  0]LogInit: Selected Device Profile: [Windows]
[2018.05.01-18.31.32:549][  0]LogSimplygon: Simplygon DLL not present - disabling.
[2018.05.01-18.31.32:553][  0]LogMeshReduction: Using SimplygonSwarm for distributed automatic mesh merging
[2018.05.01-18.31.32:553][  0]LogMeshReduction: Using QuadricMeshReduction for automatic static mesh reduction
[2018.05.01-18.31.32:553][  0]LogMeshReduction: No automatic skeletal mesh reduction module available
[2018.05.01-18.31.32:553][  0]LogMeshReduction: No automatic mesh merging module available
[2018.05.01-18.31.32:553][  0]LogMeshMerging: No automatic mesh merging module available
[2018.05.01-18.31.32:593][  0]LogNetVersion: Development , NetCL: 3944462, EngineNetVer: 2, GameNetVer: 0 (Checksum: 3771591798)
[2018.05.01-18.31.33:056][  0]LogPackageLocalizationCache: Processed 9 localized package path(s) for 2 prioritized culture(s) in 0.102015 seconds
[2018.05.01-18.31.33:062][  0]LogUObjectArray: 36728 objects as part of root set at end of initial load.
[2018.05.01-18.31.33:062][  0]LogUObjectAllocator: 7314304 out of 0 bytes used by permanent object pool.
[2018.05.01-18.31.33:062][  0]LogUObjectArray: CloseDisregardForGC: 0/0 objects in disregard for GC pool
[2018.05.01-18.31.34:802][  0]LogTcpMessaging: Initializing TcpMessaging bridge
[2018.05.01-18.31.34:836][  0]LogUdpMessaging: Initializing bridge on interface 0.0.0.0:0 to multicast group 230.0.0.1:6666.
[2018.05.01-18.31.35:247][  0]SourceControl: Source control is disabled
[2018.05.01-18.31.35:247][  0]SourceControl: Source control is disabled
[2018.05.01-18.31.35:269][  0]SourceControl: Source control is disabled
[2018.05.01-18.31.35:291][  0]SourceControl: Source control is disabled
[2018.05.01-18.31.35:850][  0]LogAndroidPermission: UAndroidPermissionCallbackProxy::GetInstance
[2018.05.01-18.31.36:029][  0]LogOcInput: OculusInput pre-init called
[2018.05.01-18.31.36:152][  0]LogEngine: Initializing Engine...
[2018.05.01-18.31.36:154][  0]LogHMD: Failed to initialize OpenVR with code 110
[2018.05.01-18.31.36:156][  0]LogStats: UGameplayTagsManager::ConstructGameplayTagTree: Construct from data asset -  0.000 s
[2018.05.01-18.31.36:156][  0]LogStats: UGameplayTagsManager::ConstructGameplayTagTree: GameplayTagTreeChangedEvent.Broadcast -  0.000 s
[2018.05.01-18.31.36:375][  0]LogAIModule: Creating AISystem for world Untitled
[2018.05.01-18.31.36:454][  0]LogInit: XAudio2 using 'Speakers (EDIFIER e3350 Stereo)' : 2 channels at 44.1 kHz using 16 bits per sample (channel mask 0x3)
[2018.05.01-18.31.36:464][  0]LogInit: FAudioDevice initialized.
[2018.05.01-18.31.36:544][  0]LogDerivedDataCache: Saved boot cache 0.08s 74MB C:/Users/Brad/AppData/Local/UnrealEngine/4.19/DerivedDataCache/Boot.ddc.
[2018.05.01-18.31.36:560][  0]LogInit: Texture streaming: Enabled
[2018.05.01-18.31.36:581][  0]LogEngineSessionManager: EngineSessionManager initialized
[2018.05.01-18.31.36:581][  0]LogEngineSessionManager: EngineSessionManager sent abnormal shutdown report. Type=Debugger, SessionId={9199C184-4AF8-A714-54F6-27B756CD82BC}
[2018.05.01-18.31.36:602][  0]LogInit: Transaction tracking system initialized
[2018.05.01-18.31.36:633][  0]BlueprintLog: New page: Editor Load
[2018.05.01-18.31.36:725][  0]LocalizationService: Localization service is disabled
[2018.05.01-18.31.36:844][  0]LogConsoleResponse: Display: 
[2018.05.01-18.31.36:995][  0]LogCook: Display: Max memory allowance for cook 16384mb min free memory 0mb
[2018.05.01-18.31.36:995][  0]LogCook: Display: Mobile HDR setting 0
[2018.05.01-18.31.36:996][  0]LogGameplayTags: Display: UGameplayTagsManager::DoneAddingNativeTags. DelegateIsBound: 0
[2018.05.01-18.31.36:996][  0]LogStats: UGameplayTagsManager::ConstructGameplayTagTree: Construct from data asset -  0.000 s
[2018.05.01-18.31.36:996][  0]LogStats: UGameplayTagsManager::ConstructGameplayTagTree: GameplayTagTreeChangedEvent.Broadcast -  0.000 s
[2018.05.01-18.31.37:009][  0]LogFileCache: Scanning file cache for directory 'C:/Users/Brad/Documents/GitHub/Research-Project/Development/Content/' took 0.02s
[2018.05.01-18.31.37:446][  0]SourceControl: Source control is disabled
[2018.05.01-18.31.37:446][  0]Cmd: MAP LOAD FILE="../../../../../../Users/Brad/Documents/GitHub/Research-Project/Development/Content/World.umap" TEMPLATE=0 SHOWPROGRESS=1 FEATURELEVEL=3
[2018.05.01-18.31.37:446][  0]LightingResults: New page: Lighting Build
[2018.05.01-18.31.37:450][  0]MapCheck: New page: Map Check
[2018.05.01-18.31.37:450][  0]LightingResults: New page: Lighting Build
[2018.05.01-18.31.37:953][  0]LogBlueprint: Warning: [Compiler BP_MotionController] Set Hand  is deprecated; please replace or remove it.
[2018.05.01-18.31.37:953][  0]LogBlueprint: Warning: [Compiler BP_MotionController] Set Hand  is deprecated; Please use the Motion Source property instead of Hand
[2018.05.01-18.31.37:978][  0]LogBlueprint: Warning: [Compiler BP_MotionController] [0012.76] Compile of BP_MotionController successful, but with 2 Warning(s) [in 42 ms] (/Game/VirtualRealityBP/Blueprints/BP_MotionController.BP_MotionController)
[2018.05.01-18.31.38:360][  0]LogSkeletalMesh: Skeletal Mesh found in DDC [3.056285ms] /Game/VirtualReality/Mannequin/Character/Mesh/MannequinHand_Right.MannequinHand_Right
[2018.05.01-18.31.38:602][  0]LogAIModule: Creating AISystem for world World
[2018.05.01-18.31.38:610][  0]LogEditorServer: Finished looking for orphan Actors (0.000 secs)
[2018.05.01-18.31.38:623][  0]Cmd: MAP CHECKDEP NOCLEARLOG
[2018.05.01-18.31.38:685][  0]MapCheck: Map check complete: 0 Error(s), 0 Warning(s), took 62.34ms to complete.
[2018.05.01-18.31.38:685][  0]LogFileHelpers: Loading map 'World' took 1.239
[2018.05.01-18.31.38:824][  0]LogCollectionManager: Loaded 0 collections in 0.002486 seconds
[2018.05.01-18.31.38:869][  0]LogFileCache: Scanning file cache for directory 'C:/Users/Brad/Documents/GitHub/Research-Project/Development/Saved/Collections/' took 0.01s
[2018.05.01-18.31.38:869][  0]LogFileCache: Scanning file cache for directory 'C:/Users/Brad/Documents/GitHub/Research-Project/Development/Content/Developers/Brad/Collections/' took 0.01s
[2018.05.01-18.31.38:869][  0]LogFileCache: Scanning file cache for directory 'C:/Users/Brad/Documents/GitHub/Research-Project/Development/Content/Collections/' took 0.01s
[2018.05.01-18.31.38:869][  0]LogCollectionManager: Rebuilt the GUID cache for 0 collections in 0.000000 seconds
[2018.05.01-18.31.38:881][  0]LogContentBrowser: Native class hierarchy populated in 0.0113 seconds. Added 2452 classes and 558 folders.
[2018.05.01-18.31.38:890][  0]LogContentBrowser: Native class hierarchy updated for 'WidgetCarousel' in 0.0002 seconds. Added 0 classes and 0 folders.
[2018.05.01-18.31.38:942][  0]LogContentBrowser: Native class hierarchy updated for 'AddContentDialog' in 0.0002 seconds. Added 0 classes and 0 folders.
[2018.05.01-18.31.38:949][  0]LogContentBrowser: Native class hierarchy updated for 'SceneOutliner' in 0.0002 seconds. Added 1 classes and 2 folders.
[2018.05.01-18.31.39:021][  0]LogSlate: Took 0.000310 seconds to synchronously load lazily loaded font '../../../Engine/Content/Slate/Fonts/Roboto-Regular.ttf' (155K)
[2018.05.01-18.31.39:023][  0]LogSlate: Took 0.000213 seconds to synchronously load lazily loaded font '../../../Engine/Content/Slate/Fonts/Roboto-Bold.ttf' (160K)
[2018.05.01-18.31.39:030][  0]LogSlate: Took 0.000205 seconds to synchronously load lazily loaded font '../../../Engine/Content/Editor/Slate/Fonts/FontAwesome.ttf' (139K)
[2018.05.01-18.31.39:130][  0]LogRenderer: Reallocating scene render targets to support 1208x576 Format 10 NumSamples 1 (Frame:1).
[2018.05.01-18.31.39:176][  0]LogSlate: Took 0.000154 seconds to synchronously load lazily loaded font '../../../Engine/Content/Slate/Fonts/Roboto-Light.ttf' (167K)
[2018.05.01-18.31.39:307][  0]LogContentBrowser: Native class hierarchy updated for 'HierarchicalLODOutliner' in 0.0002 seconds. Added 0 classes and 0 folders.
[2018.05.01-18.31.39:307][  0]LogLoad: (Engine Initialization) Total time: 14.09 seconds
[2018.05.01-18.31.39:307][  0]LogLoad: (Engine Initialization) Total Blueprint compile time: 0.00 seconds
[2018.05.01-18.31.39:667][  0]LogContentStreaming: Texture pool size now 1000 MB
[2018.05.01-18.31.39:987][  1]LogAssetRegistry: Asset discovery search completed in 7.9763 seconds
[2018.05.01-18.31.39:988][  1]LogCollectionManager: Rebuilt the object cache for 0 collections in 0.000000 seconds (found 0 objects)
[2018.05.01-18.31.39:988][  1]LogCollectionManager: Fixed up redirectors for 0 collections in 0.000062 seconds (updated 0 objects)
[2018.05.01-18.32.37:716][756]LogSlate: FSceneViewport::OnFocusLost() reason 0
[2018.05.01-18.36.43:915][ 43]LogSlate: Took 0.000206 seconds to synchronously load lazily loaded font '../../../Engine/Content/Slate/Fonts/Roboto-Light.ttf' (167K)
[2018.05.01-18.36.43:956][ 43]LogSlate: Took 0.000241 seconds to synchronously load lazily loaded font '../../../Engine/Content/Slate/Fonts/Roboto-BoldCondensed.ttf' (158K)
[2018.05.01-18.36.53:618][192]Running C:/Program Files/Epic Games/UE_4.19/Engine/Binaries/DotNET/UnrealBuildTool.exe  -projectfiles -project="C:/Users/Brad/Documents/GitHub/Research-Project/Development/Development.uproject" -game -rocket -progress
[2018.05.01-18.36.53:922][192]Discovering modules, targets and source code for project...
[2018.05.01-18.36.59:452][192]LogHotReload: Recompiling module Development...
[2018.05.01-18.36.59:458][192]LogVSAccessor: Warning: Couldn't access Visual Studio
[2018.05.01-18.36.59:487][192]Candidate modules for hot reload:
[2018.05.01-18.36.59:487][192]  Development
[2018.05.01-18.36.59:487][192]Launching UnrealBuildTool... [C:/Program Files/Epic Games/UE_4.19/Engine/Binaries/DotNET/UnrealBuildTool.exe Development -Module=Development Win64 Development -editorrecompile -canskiplink "C:/Users/Brad/Documents/GitHub/Research-Project/Development/Development.uproject" ]
[2018.05.01-18.36.59:712][192]ERROR: Multiple configurations specified on command line (first Development, then Development)

[2018.05.01-18.36.59:712][192]CompilerResultsLog: New page: Compilation - 1 May 2018 20:36:59
[2018.05.01-18.36.59:712][192]CompilerResultsLog: ERROR: Multiple configurations specified on command line (first Development, then Development)
[2018.05.01-18.36.59:712][192]LogMainFrame: MainFrame: Module compiling took 0.254 seconds
[2018.05.01-18.37.29:484][192]LogSlate: Window 'Message' being destroyed
[2018.05.01-18.37.29:490][192]LogSlate: Window 'Add C++ Class' being destroyed
[2018.05.01-18.37.29:497][192]LogSlate: Took 0.000189 seconds to synchronously load lazily loaded font '../../../Engine/Content/Slate/Fonts/DroidSansMono.ttf' (77K)
[2018.05.01-19.13.48:364][568]LogSlate: Window 'Development - Unreal Editor' being destroyed
[2018.05.01-19.13.48:576][569]Cmd: QUIT_EDITOR
[2018.05.01-19.13.48:625][569]LogWindowsTextInputMethodSystem: Display: IME system now deactivated.
[2018.05.01-19.13.48:644][569]LogSlate: Slate User Destroyed.  User Index 0, Is Virtual User: 0
[2018.05.01-19.13.48:645][569]LogExit: Preparing to exit.
[2018.05.01-19.13.49:556][569]LogDirectoryWatcher: A directory notification for 'C:/Users/Brad/Documents/GitHub/Research-Project/Development/Content/' was aborted.
[2018.05.01-19.13.49:627][569]LogExit: Editor shut down
[2018.05.01-19.13.49:640][569]LogExit: Transaction tracking system shut down
[2018.05.01-19.13.49:824][569]LogDirectoryWatcher: A directory notification for '../../../Engine/Content/' was aborted.
[2018.05.01-19.13.49:824][569]LogDirectoryWatcher: A directory notification for '../../../../../../Users/Brad/Documents/GitHub/Research-Project/Development/Content/' was aborted.
[2018.05.01-19.13.49:824][569]LogDirectoryWatcher: A directory notification for '../../Plugins/2D/Paper2D/Content/' was aborted.
[2018.05.01-19.13.49:824][569]LogDirectoryWatcher: A directory notification for '../../Plugins/Enterprise/DatasmithContent/Content/' was aborted.
[2018.05.01-19.13.49:824][569]LogDirectoryWatcher: A directory notification for '../../Plugins/Media/MediaCompositing/Content/' was aborted.
[2018.05.01-19.13.49:824][569]LogDirectoryWatcher: A directory notification for '../../Plugins/Runtime/AppleARKit/Content/' was aborted.
[2018.05.01-19.13.49:825][569]LogDirectoryWatcher: A directory notification for '../../Plugins/Runtime/Oculus/OculusVR/Content/' was aborted.
[2018.05.01-19.13.49:825][569]LogDirectoryWatcher: A directory notification for '../../Plugins/Runtime/Steam/SteamVR/Content/' was aborted.
[2018.05.01-19.13.49:949][569]LogExit: Object subsystem successfully closed.
[2018.05.01-19.13.49:982][569]LogShaderCompilers: Display: Shaders left to compile 0
[2018.05.01-19.13.49:990][569]LogD3D11RHI: Shutdown
[2018.05.01-19.13.49:990][569]LogD3D11RHI: CleanupD3DDevice
[2018.05.01-19.13.50:004][569]LogD3D11RHI: ~FD3D11DynamicRHI
[2018.05.01-19.13.50:028][569]LogModuleManager: Shutting down and abandoning module HierarchicalLODOutliner (574)
[2018.05.01-19.13.50:028][569]LogModuleManager: Shutting down and abandoning module SceneOutliner (572)
[2018.05.01-19.13.50:028][569]LogModuleManager: Shutting down and abandoning module AddContentDialog (570)
[2018.05.01-19.13.50:028][569]LogDirectoryWatcher: A directory notification for 'C:/Program Files/Epic Games/UE_4.19/FeaturePacks/' was aborted.
[2018.05.01-19.13.50:032][569]LogModuleManager: Shutting down and abandoning module WidgetCarousel (569)
[2018.05.01-19.13.50:032][569]LogModuleManager: Shutting down and abandoning module EditorWidgets (566)
[2018.05.01-19.13.50:032][569]LogModuleManager: Shutting down and abandoning module CollectionManager (564)
[2018.05.01-19.13.50:032][569]LogDirectoryWatcher: A directory notification for 'C:/Users/Brad/Documents/GitHub/Research-Project/Development/Content/Collections/' was aborted.
[2018.05.01-19.13.50:033][569]LogDirectoryWatcher: A directory notification for 'C:/Users/Brad/Documents/GitHub/Research-Project/Development/Content/Developers/Brad/Collections/' was aborted.
[2018.05.01-19.13.50:033][569]LogDirectoryWatcher: A directory notification for 'C:/Users/Brad/Documents/GitHub/Research-Project/Development/Saved/Collections/' was aborted.
[2018.05.01-19.13.50:033][569]LogModuleManager: Shutting down and abandoning module StatsViewer (562)
[2018.05.01-19.13.50:033][569]LogModuleManager: Shutting down and abandoning module FoliageEdit (560)
[2018.05.01-19.13.50:033][569]LogModuleManager: Shutting down and abandoning module LandscapeEditor (558)
[2018.05.01-19.13.50:033][569]LogModuleManager: Shutting down and abandoning module MeshPaintMode (556)
[2018.05.01-19.13.50:033][569]LogModuleManager: Shutting down and abandoning module SceneDepthPickerMode (554)
[2018.05.01-19.13.50:033][569]LogModuleManager: Shutting down and abandoning module ActorPickerMode (552)
[2018.05.01-19.13.50:033][569]LogModuleManager: Shutting down and abandoning module GeometryMode (550)
[2018.05.01-19.13.50:033][569]LogModuleManager: Shutting down and abandoning module TextureAlignMode (548)
[2018.05.01-19.13.50:033][569]LogModuleManager: Shutting down and abandoning module BspMode (546)
[2018.05.01-19.13.50:033][569]LogModuleManager: Shutting down and abandoning module PIEPreviewDeviceProfileSelector (544)
[2018.05.01-19.13.50:033][569]LogModuleManager: Shutting down and abandoning module HardwareSurvey (542)
[2018.05.01-19.13.50:033][569]LogModuleManager: Shutting down and abandoning module SequenceRecorderSections (540)
[2018.05.01-19.13.50:034][569]LogModuleManager: Shutting down and abandoning module AutomationWorker (538)
[2018.05.01-19.13.50:034][569]LogModuleManager: Shutting down and abandoning module AudioCaptureEditor (536)
[2018.05.01-19.13.50:034][569]LogModuleManager: Shutting down and abandoning module SequenceRecorder (535)
[2018.05.01-19.13.50:034][569]LogModuleManager: Shutting down and abandoning module MatineeToLevelSequence (532)
[2018.05.01-19.13.50:034][569]LogModuleManager: Shutting down and abandoning module LevelSequenceEditor (530)
[2018.05.01-19.13.50:034][569]LogModuleManager: Shutting down and abandoning module PlacementMode (529)
[2018.05.01-19.13.50:034][569]LogModuleManager: Shutting down and abandoning module MaterialEditor (528)
[2018.05.01-19.13.50:034][569]LogModuleManager: Shutting down and abandoning module WmfMediaFactory (524)
[2018.05.01-19.13.50:034][569]LogModuleManager: Shutting down and abandoning module WmfMediaEditor (522)
[2018.05.01-19.13.50:034][569]LogModuleManager: Shutting down and abandoning module MediaPlayerEditor (520)
[2018.05.01-19.13.50:034][569]LogModuleManager: Shutting down and abandoning module OpenExrWrapper (518)
[2018.05.01-19.13.50:034][569]LogModuleManager: Shutting down and abandoning module ImgMediaFactory (516)
[2018.05.01-19.13.50:034][569]LogModuleManager: Shutting down and abandoning module ImgMediaEditor (514)
[2018.05.01-19.13.50:034][569]LogModuleManager: Shutting down and abandoning module AvfMediaFactory (512)
[2018.05.01-19.13.50:034][569]LogModuleManager: Shutting down and abandoning module AvfMediaEditor (510)
[2018.05.01-19.13.50:034][569]LogModuleManager: Shutting down and abandoning module AndroidMediaFactory (508)
[2018.05.01-19.13.50:034][569]LogModuleManager: Shutting down and abandoning module AndroidMediaEditor (506)
[2018.05.01-19.13.50:034][569]LogModuleManager: Shutting down and abandoning module CharacterAI (504)
[2018.05.01-19.13.50:034][569]LogModuleManager: Shutting down and abandoning module SmartSnapping (502)
[2018.05.01-19.13.50:034][569]LogModuleManager: Shutting down and abandoning module SessionServices (500)
[2018.05.01-19.13.50:034][569]LogModuleManager: Shutting down and abandoning module ViewportSnapping (498)
[2018.05.01-19.13.50:034][569]LogModuleManager: Shutting down and abandoning module ViewportInteraction (496)
[2018.05.01-19.13.50:034][569]LogModuleManager: Shutting down and abandoning module ClothPainter (494)
[2018.05.01-19.13.50:035][569]LogModuleManager: Shutting down and abandoning module SkeletalMeshEditor (493)
[2018.05.01-19.13.50:035][569]LogModuleManager: Shutting down and abandoning module LogVisualizer (490)
[2018.05.01-19.13.50:035][569]LogModuleManager: Shutting down and abandoning module IntroTutorials (488)
[2018.05.01-19.13.50:035][569]LogModuleManager: Shutting down and abandoning module GameProjectGeneration (487)
[2018.05.01-19.13.50:035][569]LogModuleManager: Shutting down and abandoning module IOSPlatformEditor (484)
[2018.05.01-19.13.50:035][569]LogModuleManager: Shutting down and abandoning module HTML5PlatformEditor (482)
[2018.05.01-19.13.50:035][569]LogModuleManager: Shutting down and abandoning module AndroidPlatformEditor (480)
[2018.05.01-19.13.50:035][569]LogModuleManager: Shutting down and abandoning module AndroidDeviceDetection (479)
[2018.05.01-19.13.50:435][569]LogModuleManager: Shutting down and abandoning module WindowsPlatformEditor (476)
[2018.05.01-19.13.50:435][569]LogModuleManager: Shutting down and abandoning module IOSRuntimeSettings (474)
[2018.05.01-19.13.50:435][569]LogModuleManager: Shutting down and abandoning module AndroidRuntimeSettings (472)
[2018.05.01-19.13.50:435][569]LogModuleManager: Shutting down and abandoning module InputBindingEditor (470)
[2018.05.01-19.13.50:435][569]LogModuleManager: Shutting down and abandoning module MergeActors (468)
[2018.05.01-19.13.50:435][569]LogModuleManager: Shutting down and abandoning module LocalizationDashboard (466)
[2018.05.01-19.13.50:435][569]LogModuleManager: Shutting down and abandoning module LocalizationService (465)
[2018.05.01-19.13.50:435][569]LogModuleManager: Shutting down and abandoning module HardwareTargeting (462)
[2018.05.01-19.13.50:435][569]LogModuleManager: Shutting down and abandoning module DeviceProfileEditor (460)
[2018.05.01-19.13.50:435][569]LogModuleManager: Shutting down and abandoning module UndoHistory (458)
[2018.05.01-19.13.50:436][569]LogModuleManager: Shutting down and abandoning module XmlParser (456)
[2018.05.01-19.13.50:436][569]LogModuleManager: Shutting down and abandoning module Blutility (454)
[2018.05.01-19.13.50:436][569]LogModuleManager: Shutting down and abandoning module ProjectSettingsViewer (452)
[2018.05.01-19.13.50:436][569]LogModuleManager: Shutting down and abandoning module ProjectTargetPlatformEditor (451)
[2018.05.01-19.13.50:436][569]LogModuleManager: Shutting down and abandoning module EditorSettingsViewer (448)
[2018.05.01-19.13.50:436][569]LogModuleManager: Shutting down and abandoning module SettingsEditor (446)
[2018.05.01-19.13.50:436][569]LogModuleManager: Shutting down and abandoning module ProjectLauncher (444)
[2018.05.01-19.13.50:437][569]LogModuleManager: Shutting down and abandoning module SessionFrontend (442)
[2018.05.01-19.13.50:437][569]LogModuleManager: Shutting down and abandoning module ProfilerClient (440)
[2018.05.01-19.13.50:437][569]LogModuleManager: Shutting down and abandoning module DeviceManager (438)
[2018.05.01-19.13.50:437][569]LogModuleManager: Shutting down and abandoning module TargetDeviceServices (437)
[2018.05.01-19.13.50:503][569]LogModuleManager: Shutting down and abandoning module AutomationController (434)
[2018.05.01-19.13.50:503][569]LogModuleManager: Shutting down and abandoning module AutomationWindow (432)
[2018.05.01-19.13.50:503][569]LogModuleManager: Shutting down and abandoning module Layers (430)
[2018.05.01-19.13.50:503][569]LogModuleManager: Shutting down and abandoning module ComponentVisualizers (428)
[2018.05.01-19.13.50:503][569]LogModuleManager: Shutting down and abandoning module DetailCustomizations (426)
[2018.05.01-19.13.50:504][569]LogModuleManager: Shutting down and abandoning module PackagesDialog (424)
[2018.05.01-19.13.50:504][569]LogModuleManager: Shutting down and abandoning module Persona (422)
[2018.05.01-19.13.50:504][569]LogModuleManager: Shutting down and abandoning module AdvancedPreviewScene (421)
[2018.05.01-19.13.50:504][569]LogModuleManager: Shutting down and abandoning module AnimGraph (419)
[2018.05.01-19.13.50:504][569]LogModuleManager: Shutting down and abandoning module Kismet (416)
[2018.05.01-19.13.50:505][569]LogModuleManager: Shutting down and abandoning module GraphEditor (414)
[2018.05.01-19.13.50:505][569]LogModuleManager: Shutting down and abandoning module ClassViewer (412)
[2018.05.01-19.13.50:507][569]LogModuleManager: Shutting down and abandoning module Toolbox (410)
[2018.05.01-19.13.50:507][569]LogModuleManager: Shutting down and abandoning module ModuleUI (408)
[2018.05.01-19.13.50:507][569]LogModuleManager: Shutting down and abandoning module MovieSceneTools (406)
[2018.05.01-19.13.50:507][569]LogModuleManager: Shutting down and abandoning module OutputLog (404)
[2018.05.01-19.13.50:507][569]LogModuleManager: Shutting down and abandoning module GammaUI (402)
[2018.05.01-19.13.50:507][569]LogModuleManager: Shutting down and abandoning module Documentation (400)
[2018.05.01-19.13.50:507][569]LogModuleManager: Shutting down and abandoning module MovieSceneTracks (398)
[2018.05.01-19.13.50:507][569]LogModuleManager: Shutting down and abandoning module MovieScene (396)
[2018.05.01-19.13.50:507][569]LogModuleManager: Shutting down and abandoning module StreamingPauseRendering (394)
[2018.05.01-19.13.50:507][569]LogModuleManager: Shutting down and abandoning module LauncherPlatform (392)
[2018.05.01-19.13.50:507][569]LogModuleManager: Shutting down and abandoning module AnalyticsET (390)
[2018.05.01-19.13.50:507][569]LogModuleManager: Shutting down and abandoning module PortalServices (388)
[2018.05.01-19.13.50:507][569]LogModuleManager: Shutting down and abandoning module PortalRpc (386)
[2018.05.01-19.13.50:507][569]LogModuleManager: Shutting down and abandoning module MessagingRpc (384)
[2018.05.01-19.13.50:507][569]LogModuleManager: Shutting down and abandoning module AIModule (382)
[2018.05.01-19.13.50:508][569]LogModuleManager: Shutting down and abandoning module GameplayDebugger (381)
[2018.05.01-19.13.50:508][569]LogModuleManager: Shutting down and abandoning module AITestSuite (379)
[2018.05.01-19.13.50:508][569]LogModuleManager: Shutting down and abandoning module DesktopPlatform (376)
[2018.05.01-19.13.50:508][569]LogModuleManager: Shutting down and abandoning module ProfilerService (374)
[2018.05.01-19.13.50:704][569]LogModuleManager: Shutting down and abandoning module TaskGraph (372)
[2018.05.01-19.13.50:704][569]LogModuleManager: Shutting down and abandoning module SteamVRController (370)
[2018.05.01-19.13.50:704][569]LogModuleManager: Shutting down and abandoning module ProceduralMeshComponentEditor (368)
[2018.05.01-19.13.50:704][569]LogModuleManager: Shutting down and abandoning module ProceduralMeshComponent (366)
[2018.05.01-19.13.50:704][569]LogModuleManager: Shutting down and abandoning module OculusInput (364)
[2018.05.01-19.13.50:704][569]LogModuleManager: Shutting down and abandoning module MobilePatchingUtils (362)
[2018.05.01-19.13.50:704][569]LogModuleManager: Shutting down and abandoning module CustomMeshComponent (360)
[2018.05.01-19.13.50:704][569]LogModuleManager: Shutting down and abandoning module CableComponent (358)
[2018.05.01-19.13.50:704][569]LogModuleManager: Shutting down and abandoning module AudioCapture (356)
[2018.05.01-19.13.50:704][569]LogModuleManager: Shutting down and abandoning module ArchVisCharacter (354)
[2018.05.01-19.13.50:704][569]LogModuleManager: Shutting down and abandoning module AndroidPermission (352)
[2018.05.01-19.13.50:704][569]LogModuleManager: Shutting down and abandoning module NUTUnrealEngine4 (348)
[2018.05.01-19.13.50:704][569]LogModuleManager: Shutting down and abandoning module NetcodeUnitTest (346)
[2018.05.01-19.13.50:705][569]LogModuleManager: Shutting down and abandoning module MediaCompositingEditor (344)
[2018.05.01-19.13.50:705][569]LogModuleManager: Shutting down and abandoning module MediaCompositing (342)
[2018.05.01-19.13.50:705][569]LogModuleManager: Shutting down and abandoning module LinearTimecode (340)
[2018.05.01-19.13.50:705][569]LogModuleManager: Shutting down and abandoning module ImgMedia (338)
[2018.05.01-19.13.50:708][569]LogModuleManager: Shutting down and abandoning module HTML5Networking (336)
[2018.05.01-19.13.50:708][569]LogModuleManager: Shutting down and abandoning module AlembicImporter (334)
[2018.05.01-19.13.50:708][569]LogModuleManager: Shutting down and abandoning module AlembicLibrary (333)
[2018.05.01-19.13.50:708][569]LogModuleManager: Shutting down and abandoning module GeometryCache (332)
[2018.05.01-19.13.50:708][569]LogModuleManager: Shutting down and abandoning module GeometryCacheEd (331)
[2018.05.01-19.13.50:708][569]LogModuleManager: Shutting down and abandoning module DatasmithContent (326)
[2018.05.01-19.13.50:708][569]LogModuleManager: Shutting down and abandoning module SpeedTreeImporter (324)
[2018.05.01-19.13.50:708][569]LogModuleManager: Shutting down and abandoning module PluginBrowser (322)
[2018.05.01-19.13.50:708][569]LogModuleManager: Shutting down and abandoning module MobileLauncherProfileWizard (320)
[2018.05.01-19.13.50:708][569]LogModuleManager: Shutting down and abandoning module CryptoKeysOpenSSL (318)
[2018.05.01-19.13.50:708][569]LogModuleManager: Shutting down and abandoning module CryptoKeys (316)
[2018.05.01-19.13.50:708][569]LogModuleManager: Shutting down and abandoning module VisualStudioSourceCodeAccess (314)
[2018.05.01-19.13.50:708][569]LogModuleManager: Shutting down and abandoning module VisualStudioCodeSourceCodeAccess (312)
[2018.05.01-19.13.50:708][569]LogModuleManager: Shutting down and abandoning module UObjectPlugin (310)
[2018.05.01-19.13.50:708][569]LogModuleManager: Shutting down and abandoning module SubversionSourceControl (308)
[2018.05.01-19.13.50:708][569]LogModuleManager: Shutting down and abandoning module PerforceSourceControl (306)
[2018.05.01-19.13.50:708][569]LogModuleManager: Shutting down and abandoning module GitSourceControl (304)
[2018.05.01-19.13.50:708][569]LogModuleManager: Shutting down and abandoning module SourceControl (303)
[2018.05.01-19.13.50:708][569]LogModuleManager: Shutting down and abandoning module CLionSourceCodeAccess (300)
[2018.05.01-19.13.50:708][569]LogModuleManager: Shutting down and abandoning module LightPropagationVolumeEditor (298)
[2018.05.01-19.13.50:708][569]LogModuleManager: Shutting down and abandoning module PaperTiledImporter (296)
[2018.05.01-19.13.50:708][569]LogModuleManager: Shutting down and abandoning module PaperSpriteSheetImporter (294)
[2018.05.01-19.13.50:708][569]LogModuleManager: Shutting down and abandoning module Paper2DEditor (292)
[2018.05.01-19.13.50:708][569]LogModuleManager: Shutting down and abandoning module MeshPaint (291)
[2018.05.01-19.13.50:708][569]LogModuleManager: Shutting down and abandoning module RuntimePhysXCooking (288)
[2018.05.01-19.13.50:708][569]LogModuleManager: Shutting down and abandoning module PhysXVehiclesEditor (286)
[2018.05.01-19.13.50:708][569]LogModuleManager: Shutting down and abandoning module PhysXVehicles (284)
[2018.05.01-19.13.50:708][569]LogModuleManager: Shutting down and abandoning module OculusEditor (282)
[2018.05.01-19.13.50:708][569]LogModuleManager: Shutting down and abandoning module LocationServicesBPLibrary (280)
[2018.05.01-19.13.50:709][569]LogModuleManager: Shutting down and abandoning module ImmediatePhysicsEditor (278)
[2018.05.01-19.13.50:709][569]LogModuleManager: Shutting down and abandoning module ImmediatePhysics (276)
[2018.05.01-19.13.50:709][569]LogModuleManager: Shutting down and abandoning module ActorSequence (274)
[2018.05.01-19.13.50:709][569]LogModuleManager: Shutting down and abandoning module UdpMessaging (272)
[2018.05.01-19.13.50:809][569]LogModuleManager: Shutting down and abandoning module TcpMessaging (270)
[2018.05.01-19.13.50:910][569]LogModuleManager: Shutting down and abandoning module GameplayTagsEditor (268)
[2018.05.01-19.13.50:910][569]LogModuleManager: Shutting down and abandoning module FacialAnimationEditor (266)
[2018.05.01-19.13.50:910][569]LogModuleManager: Shutting down and abandoning module FacialAnimation (264)
[2018.05.01-19.13.50:910][569]LogModuleManager: Shutting down and abandoning module DataValidation (262)
[2018.05.01-19.13.50:910][569]LogModuleManager: Shutting down and abandoning module AssetManagerEditor (260)
[2018.05.01-19.13.50:910][569]LogModuleManager: Shutting down and abandoning module LevelEditor (259)
[2018.05.01-19.13.50:911][569]LogModuleManager: Shutting down and abandoning module PixelInspectorModule (258)
[2018.05.01-19.13.50:912][569]LogModuleManager: Shutting down and abandoning module CommonMenuExtensions (256)
[2018.05.01-19.13.50:912][569]LogModuleManager: Shutting down and abandoning module MainFrame (254)
[2018.05.01-19.13.50:912][569]LogModuleManager: Shutting down and abandoning module HotReload (253)
[2018.05.01-19.13.50:912][569]LogModuleManager: Shutting down and abandoning module ContentBrowser (249)
[2018.05.01-19.13.50:914][569]LogModuleManager: Shutting down and abandoning module TreeMap (247)
[2018.05.01-19.13.50:914][569]LogModuleManager: Shutting down and abandoning module LightPropagationVolumeRuntime (244)
[2018.05.01-19.13.50:914][569]LogModuleManager: Shutting down and abandoning module LiveLinkEditor (242)
[2018.05.01-19.13.50:914][569]LogModuleManager: Shutting down and abandoning module LiveLink (240)
[2018.05.01-19.13.51:114][569]LogModuleManager: Shutting down and abandoning module Paper2D (238)
[2018.05.01-19.13.51:114][569]LogModuleManager: Shutting down and abandoning module WindowsMoviePlayer (236)
[2018.05.01-19.13.51:114][569]LogModuleManager: Shutting down and abandoning module WmfMedia (234)
[2018.05.01-19.13.51:116][569]LogModuleManager: Shutting down and abandoning module Media (233)
[2018.05.01-19.13.51:122][569]LogModuleManager: Shutting down and abandoning module PacketHandler (230)
[2018.05.01-19.13.51:122][569]LogModuleManager: Shutting down and abandoning module ClothingSystemEditor (228)
[2018.05.01-19.13.51:122][569]LogModuleManager: Shutting down and abandoning module ClothingSystemRuntime (226)
[2018.05.01-19.13.51:122][569]LogModuleManager: Shutting down and abandoning module MediaAssets (224)
[2018.05.01-19.13.51:122][569]LogModuleManager: Shutting down and abandoning module Overlay (222)
[2018.05.01-19.13.51:122][569]LogModuleManager: Shutting down and abandoning module OverlayEditor (221)
[2018.05.01-19.13.51:123][569]LogModuleManager: Shutting down and abandoning module VREditor (218)
[2018.05.01-19.13.51:123][569]LogModuleManager: Shutting down and abandoning module StringTableEditor (216)
[2018.05.01-19.13.51:123][569]LogModuleManager: Shutting down and abandoning module GameplayTasksEditor (214)
[2018.05.01-19.13.51:123][569]LogModuleManager: Shutting down and abandoning module BehaviorTreeEditor (212)
[2018.05.01-19.13.51:123][569]LogModuleManager: Shutting down and abandoning module FunctionalTesting (210)
[2018.05.01-19.13.51:123][569]LogModuleManager: Shutting down and abandoning module CollisionAnalyzer (208)
[2018.05.01-19.13.51:123][569]LogModuleManager: Shutting down and abandoning module WorkspaceMenuStructure (207)
[2018.05.01-19.13.51:123][569]LogModuleManager: Shutting down and abandoning module UMG (204)
[2018.05.01-19.13.51:123][569]LogModuleManager: Shutting down and abandoning module UMGEditor (203)
[2018.05.01-19.13.51:123][569]LogModuleManager: Shutting down and abandoning module Sequencer (202)
[2018.05.01-19.13.51:123][569]LogModuleManager: Shutting down and abandoning module MessageLog (199)
[2018.05.01-19.13.51:123][569]LogModuleManager: Shutting down and abandoning module SlateReflector (194)
[2018.05.01-19.13.51:123][569]LogModuleManager: Shutting down and abandoning module Slate (192)
[2018.05.01-19.13.51:123][569]LogModuleManager: Shutting down and abandoning module EditorStyle (190)
[2018.05.01-19.13.51:126][569]LogModuleManager: Shutting down and abandoning module MRMesh (188)
[2018.05.01-19.13.51:126][569]LogModuleManager: Shutting down and abandoning module SourceCodeAccess (186)
[2018.05.01-19.13.51:126][569]LogModuleManager: Shutting down and abandoning module HeadMountedDisplay (184)
[2018.05.01-19.13.51:126][569]LogModuleManager: Shutting down and abandoning module XAudio2 (182)
[2018.05.01-19.13.51:126][569]LogModuleManager: Shutting down and abandoning module Networking (180)
[2018.05.01-19.13.51:126][569]LogModuleManager: Shutting down and abandoning module Core (178)
[2018.05.01-19.13.51:126][569]LogModuleManager: Shutting down and abandoning module LevelSequence (176)
[2018.05.01-19.13.51:126][569]LogModuleManager: Shutting down and abandoning module KismetCompiler (174)
[2018.05.01-19.13.51:126][569]LogModuleManager: Shutting down and abandoning module MeshUtilities (172)
[2018.05.01-19.13.51:126][569]LogModuleManager: Shutting down and abandoning module MeshMergeUtilities (171)
[2018.05.01-19.13.51:126][569]LogModuleManager: Shutting down and abandoning module MeshReductionInterface (170)
[2018.05.01-19.13.51:126][569]LogModuleManager: Shutting down and abandoning module SimplygonSwarm (169)
[2018.05.01-19.13.51:126][569]LogModuleManager: Shutting down and abandoning module SimplygonMeshReduction (167)
[2018.05.01-19.13.51:126][569]LogModuleManager: Shutting down and abandoning module QuadricMeshReduction (165)
[2018.05.01-19.13.51:126][569]LogModuleManager: Shutting down and abandoning module MaterialBaking (161)
[2018.05.01-19.13.51:126][569]LogModuleManager: Shutting down and abandoning module DirectoryWatcher (157)
[2018.05.01-19.13.51:136][569]LogModuleManager: Shutting down and abandoning module DerivedDataCache (154)
[2018.05.01-19.13.51:229][569]LogDerivedDataCache: Shutdown
[2018.05.01-19.13.51:229][569]LogModuleManager: Shutting down and abandoning module XGEController (152)
[2018.05.01-19.13.51:229][569]LogXGEController: Cleaning working directory: C:/Users/Brad/AppData/Local/Temp/UnrealXGEWorkingDir/
[2018.05.01-19.13.51:230][569]LogModuleManager: Shutting down and abandoning module TargetPlatform (150)
[2018.05.01-19.13.51:230][569]LogModuleManager: Shutting down and abandoning module VulkanShaderFormat (149)
[2018.05.01-19.13.51:230][569]LogModuleManager: Shutting down and abandoning module ShaderFormatVectorVM (147)
[2018.05.01-19.13.51:230][569]LogModuleManager: Shutting down and abandoning module ShaderFormatOpenGL (145)
[2018.05.01-19.13.51:230][569]LogModuleManager: Shutting down and abandoning module ShaderFormatD3D (143)
[2018.05.01-19.13.51:230][569]LogModuleManager: Shutting down and abandoning module MetalShaderFormat (141)
[2018.05.01-19.13.51:230][569]LogModuleManager: Shutting down and abandoning module TextureFormatUncompressed (139)
[2018.05.01-19.13.51:230][569]LogModuleManager: Shutting down and abandoning module TextureFormatPVR (137)
[2018.05.01-19.13.51:230][569]LogModuleManager: Shutting down and abandoning module TextureFormatDXT (135)
[2018.05.01-19.13.51:230][569]LogModuleManager: Shutting down and abandoning module TextureFormatIntelISPCTexComp (133)
[2018.05.01-19.13.51:233][569]LogModuleManager: Shutting down and abandoning module TextureFormatASTC (131)
[2018.05.01-19.13.51:233][569]LogModuleManager: Shutting down and abandoning module ImageWrapper (130)
[2018.05.01-19.13.51:233][569]LogModuleManager: Shutting down and abandoning module TextureFormatAndroid (127)
[2018.05.01-19.13.51:233][569]LogModuleManager: Shutting down and abandoning module AudioFormatOpus (125)
[2018.05.01-19.13.51:233][569]LogModuleManager: Shutting down and abandoning module AudioFormatOgg (123)
[2018.05.01-19.13.51:233][569]LogModuleManager: Shutting down and abandoning module AudioFormatADPCM (121)
[2018.05.01-19.13.51:233][569]LogModuleManager: Shutting down and abandoning module LinuxTargetPlatform (119)
[2018.05.01-19.13.51:233][569]LogModuleManager: Shutting down and abandoning module LinuxServerTargetPlatform (117)
[2018.05.01-19.13.51:233][569]LogModuleManager: Shutting down and abandoning module LinuxNoEditorTargetPlatform (115)
[2018.05.01-19.13.51:233][569]LogModuleManager: Shutting down and abandoning module LinuxClientTargetPlatform (113)
[2018.05.01-19.13.51:233][569]LogModuleManager: Shutting down and abandoning module TVOSTargetPlatform (111)
[2018.05.01-19.13.51:233][569]LogModuleManager: Shutting down and abandoning module Messaging (109)
[2018.05.01-19.13.51:233][569]LogModuleManager: Shutting down and abandoning module IOSTargetPlatform (107)
[2018.05.01-19.13.51:233][569]LogModuleManager: Shutting down and abandoning module HTML5TargetPlatform (105)
[2018.05.01-19.13.51:233][569]LogModuleManager: Shutting down and abandoning module AndroidTargetPlatform (103)
[2018.05.01-19.13.51:233][569]LogModuleManager: Shutting down and abandoning module Android_PVRTCTargetPlatform (101)
[2018.05.01-19.13.51:233][569]LogModuleManager: Shutting down and abandoning module Android_MultiTargetPlatform (99)
[2018.05.01-19.13.51:233][569]LogModuleManager: Shutting down and abandoning module Android_ETC2TargetPlatform (97)
[2018.05.01-19.13.51:233][569]LogModuleManager: Shutting down and abandoning module Android_ETC1TargetPlatform (95)
[2018.05.01-19.13.51:233][569]LogModuleManager: Shutting down and abandoning module Android_ETC1aTargetPlatform (93)
[2018.05.01-19.13.51:233][569]LogModuleManager: Shutting down and abandoning module Android_DXTTargetPlatform (91)
[2018.05.01-19.13.51:233][569]LogModuleManager: Shutting down and abandoning module Android_ATCTargetPlatform (89)
[2018.05.01-19.13.51:233][569]LogModuleManager: Shutting down and abandoning module Android_ASTCTargetPlatform (87)
[2018.05.01-19.13.51:233][569]LogModuleManager: Shutting down and abandoning module WindowsTargetPlatform (85)
[2018.05.01-19.13.51:233][569]LogModuleManager: Shutting down and abandoning module WindowsServerTargetPlatform (83)
[2018.05.01-19.13.51:233][569]LogModuleManager: Shutting down and abandoning module WindowsNoEditorTargetPlatform (81)
[2018.05.01-19.13.51:233][569]LogModuleManager: Shutting down and abandoning module WindowsClientTargetPlatform (79)
[2018.05.01-19.13.51:233][569]LogModuleManager: Shutting down and abandoning module MacTargetPlatform (77)
[2018.05.01-19.13.51:233][569]LogModuleManager: Shutting down and abandoning module MacServerTargetPlatform (75)
[2018.05.01-19.13.51:234][569]LogModuleManager: Shutting down and abandoning module MacNoEditorTargetPlatform (73)
[2018.05.01-19.13.51:234][569]LogModuleManager: Shutting down and abandoning module MacClientTargetPlatform (71)
[2018.05.01-19.13.51:234][569]LogModuleManager: Shutting down and abandoning module AllDesktopTargetPlatform (69)
[2018.05.01-19.13.51:234][569]LogModuleManager: Shutting down and abandoning module InputCore (66)
[2018.05.01-19.13.51:234][569]LogModuleManager: Shutting down and abandoning module Settings (64)
[2018.05.01-19.13.51:234][569]LogModuleManager: Shutting down and abandoning module PhysXCooking (62)
[2018.05.01-19.13.51:234][569]LogModuleManager: Shutting down and abandoning module SteamVR (60)
[2018.05.01-19.13.51:234][569]LogModuleManager: Shutting down and abandoning module OculusHMD (58)
[2018.05.01-19.13.51:234][569]LogModuleManager: Shutting down and abandoning module ExampleDeviceProfileSelector (56)
[2018.05.01-19.13.51:234][569]LogModuleManager: Shutting down and abandoning module AppleARKit (54)
[2018.05.01-19.13.51:234][569]LogModuleManager: Shutting down and abandoning module AugmentedReality (51)
[2018.05.01-19.13.51:234][569]LogModuleManager: Shutting down and abandoning module OnlineBlueprintSupport (48)
[2018.05.01-19.13.51:234][569]LogModuleManager: Shutting down and abandoning module OnlineSubsystem (44)
[2018.05.01-19.13.51:234][569]LogModuleManager: Shutting down and abandoning module XMPP (43)
[2018.05.01-19.13.51:234][569]LogModuleManager: Shutting down and abandoning module HTTP (41)
[2018.05.01-19.13.51:234][569]LogHttp: Display: Http module shutting down, but needs to wait on 1 outstanding Http requests:
[2018.05.01-19.13.51:234][569]LogHttp: Display: 	verb=[POST] url=[https://datarouter.ol.epicgames.com/datarouter/api/v1/public/data?SessionID=%7BC7CAB9DC-4AA5-EC94-7BFB-9C8FBA98A447%7D&AppID=UEEditor.Rocket.Release&AppVersion=4.19.1-3989454%2B%2B%2BUE4%2BRelease-4.19&UserID=6910e89044545e97d68ba4bd5ab05e03%7C62a95b1d597b4ee4a338ef35d5471ca9%7Cb8871bcb-6092-48de-bbff-8388a9743152&AppEnvironment=datacollector-binary&UploadType=eteventstream] status=Processing
[2018.05.01-19.13.51:248][569]LogModuleManager: Shutting down and abandoning module SSL (40)
[2018.05.01-19.13.51:249][569]LogModuleManager: Shutting down and abandoning module AnimationModifiers (36)
[2018.05.01-19.13.51:249][569]LogModuleManager: Shutting down and abandoning module PropertyEditor (35)
[2018.05.01-19.13.51:249][569]LogModuleManager: Shutting down and abandoning module AudioEditor (32)
[2018.05.01-19.13.51:249][569]LogModuleManager: Shutting down and abandoning module TextureCompressor (30)
[2018.05.01-19.13.51:250][569]LogModuleManager: Shutting down and abandoning module ShaderCore (28)
[2018.05.01-19.13.51:250][569]LogModuleManager: Shutting down and abandoning module Landscape (26)
[2018.05.01-19.13.51:250][569]LogModuleManager: Shutting down and abandoning module SlateRHIRenderer (24)
[2018.05.01-19.13.51:254][569]LogModuleManager: Shutting down and abandoning module OpenGLDrv (22)
[2018.05.01-19.13.51:254][569]LogModuleManager: Shutting down and abandoning module D3D11RHI (20)
[2018.05.01-19.13.51:254][569]LogModuleManager: Shutting down and abandoning module AnimGraphRuntime (18)
[2018.05.01-19.13.51:254][569]LogModuleManager: Shutting down and abandoning module Renderer (16)
[2018.05.01-19.13.51:254][569]LogModuleManager: Shutting down and abandoning module Engine (14)
[2018.05.01-19.13.51:254][569]LogModuleManager: Shutting down and abandoning module CoreUObject (12)
[2018.05.01-19.13.51:254][569]LogModuleManager: Shutting down and abandoning module NetworkFile (10)
[2018.05.01-19.13.51:254][569]LogModuleManager: Shutting down and abandoning module CookedIterativeFile (8)
[2018.05.01-19.13.51:254][569]LogModuleManager: Shutting down and abandoning module StreamingFile (6)
[2018.05.01-19.13.51:254][569]LogModuleManager: Shutting down and abandoning module SandboxFile (4)
[2018.05.01-19.13.51:254][569]LogModuleManager: Shutting down and abandoning module PakFile (2)
[2018.05.01-19.13.51:263][569]LogExit: Exiting.
[2018.05.01-19.13.51:285][569]Log file closed, 05/01/18 20:13:51
